{"/workspaces/jeenie/src/components/ErrorBoundary.tsx": {"path":"/workspaces/jeenie/src/components/ErrorBoundary.tsx","statementMap":{"0":{"start":{"line":22,"column":20},"end":{"line":22,"column":null}},"1":{"start":{"line":31,"column":1},"end":{"line":31,"column":null}},"2":{"start":{"line":44,"column":4},"end":{"line":47,"column":null}},"3":{"start":{"line":51,"column":58},"end":{"line":51,"column":68}},"4":{"start":{"line":54,"column":4},"end":{"line":60,"column":null}},"5":{"start":{"line":62,"column":4},"end":{"line":62,"column":null}},"6":{"start":{"line":63,"column":4},"end":{"line":63,"column":null}},"7":{"start":{"line":66,"column":4},"end":{"line":68,"column":null}},"8":{"start":{"line":67,"column":6},"end":{"line":67,"column":null}},"9":{"start":{"line":72,"column":4},"end":{"line":79,"column":null}},"10":{"start":{"line":74,"column":6},"end":{"line":76,"column":null}},"11":{"start":{"line":75,"column":8},"end":{"line":75,"column":null}},"12":{"start":{"line":98,"column":44},"end":{"line":98,"column":54}},"13":{"start":{"line":99,"column":69},"end":{"line":99,"column":79}},"14":{"start":{"line":101,"column":4},"end":{"line":103,"column":null}},"15":{"start":{"line":102,"column":6},"end":{"line":102,"column":null}},"16":{"start":{"line":106,"column":4},"end":{"line":108,"column":null}},"17":{"start":{"line":107,"column":6},"end":{"line":107,"column":null}},"18":{"start":{"line":110,"column":21},"end":{"line":110,"column":null}},"19":{"start":{"line":113,"column":4},"end":{"line":148,"column":null}},"20":{"start":{"line":114,"column":6},"end":{"line":140,"column":null}},"21":{"start":{"line":151,"column":4},"end":{"line":175,"column":null}},"22":{"start":{"line":152,"column":6},"end":{"line":168,"column":null}},"23":{"start":{"line":178,"column":4},"end":{"line":201,"column":null}},"24":{"start":{"line":34,"column":4},"end":{"line":95,"column":null}},"25":{"start":{"line":83,"column":4},"end":{"line":90,"column":null}},"26":{"start":{"line":84,"column":6},"end":{"line":89,"column":null}},"27":{"start":{"line":84,"column":29},"end":{"line":89,"column":null}},"28":{"start":{"line":94,"column":4},"end":{"line":94,"column":null}},"29":{"start":{"line":35,"column":4},"end":{"line":40,"column":null}},"30":{"start":{"line":215,"column":2},"end":{"line":222,"column":null}},"31":{"start":{"line":219,"column":8},"end":{"line":219,"column":null}},"32":{"start":{"line":237,"column":2},"end":{"line":239,"column":null}},"33":{"start":{"line":254,"column":2},"end":{"line":271,"column":null}},"34":{"start":{"line":264,"column":27},"end":{"line":264,"column":null}}},"fnMap":{"0":{"name":"(anonymous_0)","decl":{"start":{"line":43,"column":9},"end":{"line":43,"column":34}},"loc":{"start":{"line":43,"column":64},"end":{"line":48,"column":null}},"line":43},"1":{"name":"(anonymous_1)","decl":{"start":{"line":50,"column":2},"end":{"line":50,"column":20}},"loc":{"start":{"line":50,"column":56},"end":{"line":69,"column":null}},"line":50},"2":{"name":"(anonymous_2)","decl":{"start":{"line":71,"column":10},"end":{"line":71,"column":22}},"loc":{"start":{"line":71,"column":59},"end":{"line":80,"column":null}},"line":71},"3":{"name":"(anonymous_3)","decl":{"start":{"line":74,"column":37},"end":{"line":74,"column":51}},"loc":{"start":{"line":74,"column":51},"end":{"line":76,"column":null}},"line":74},"4":{"name":"(anonymous_4)","decl":{"start":{"line":97,"column":2},"end":{"line":97,"column":11}},"loc":{"start":{"line":97,"column":11},"end":{"line":208,"column":null}},"line":97},"5":{"name":"(anonymous_5)","decl":{"start":{"line":33,"column":2},"end":{"line":33,"column":14}},"loc":{"start":{"line":33,"column":28},"end":{"line":41,"column":null}},"line":33},"6":{"name":"(anonymous_6)","decl":{"start":{"line":82,"column":16},"end":{"line":82,"column":null}},"loc":{"start":{"line":82,"column":16},"end":{"line":91,"column":null}},"line":82},"7":{"name":"(anonymous_7)","decl":{"start":{"line":84,"column":20},"end":{"line":84,"column":29}},"loc":{"start":{"line":84,"column":29},"end":{"line":89,"column":null}},"line":84},"8":{"name":"(anonymous_8)","decl":{"start":{"line":93,"column":17},"end":{"line":93,"column":null}},"loc":{"start":{"line":93,"column":17},"end":{"line":95,"column":null}},"line":93},"9":{"name":"GlobalErrorBoundary","decl":{"start":{"line":214,"column":16},"end":{"line":214,"column":36}},"loc":{"start":{"line":214,"column":73},"end":{"line":225,"column":null}},"line":214},"10":{"name":"(anonymous_10)","decl":{"start":{"line":218,"column":15},"end":{"line":218,"column":16}},"loc":{"start":{"line":218,"column":16},"end":{"line":220,"column":null}},"line":218},"11":{"name":"FeatureErrorBoundary","decl":{"start":{"line":230,"column":16},"end":{"line":230,"column":37}},"loc":{"start":{"line":236,"column":1},"end":{"line":242,"column":null}},"line":236},"12":{"name":"APIErrorBoundary","decl":{"start":{"line":247,"column":16},"end":{"line":247,"column":33}},"loc":{"start":{"line":253,"column":1},"end":{"line":274,"column":null}},"line":253},"13":{"name":"(anonymous_13)","decl":{"start":{"line":264,"column":21},"end":{"line":264,"column":27}},"loc":{"start":{"line":264,"column":27},"end":{"line":264,"column":null}},"line":264}},"branchMap":{"0":{"loc":{"start":{"line":51,"column":12},"end":{"line":51,"column":31}},"type":"default-arg","locations":[{"start":{"line":51,"column":20},"end":{"line":51,"column":31}}],"line":51},"1":{"loc":{"start":{"line":66,"column":4},"end":{"line":68,"column":null}},"type":"if","locations":[{"start":{"line":66,"column":4},"end":{"line":68,"column":null}},{"start":{},"end":{}}],"line":66},"2":{"loc":{"start":{"line":75,"column":40},"end":{"line":75,"column":83}},"type":"binary-expr","locations":[{"start":{"line":75,"column":40},"end":{"line":75,"column":62}},{"start":{"line":75,"column":66},"end":{"line":75,"column":83}}],"line":75},"3":{"loc":{"start":{"line":99,"column":32},"end":{"line":99,"column":51}},"type":"default-arg","locations":[{"start":{"line":99,"column":40},"end":{"line":99,"column":51}}],"line":99},"4":{"loc":{"start":{"line":101,"column":4},"end":{"line":103,"column":null}},"type":"if","locations":[{"start":{"line":101,"column":4},"end":{"line":103,"column":null}},{"start":{},"end":{}}],"line":101},"5":{"loc":{"start":{"line":106,"column":4},"end":{"line":108,"column":null}},"type":"if","locations":[{"start":{"line":106,"column":4},"end":{"line":108,"column":null}},{"start":{},"end":{}}],"line":106},"6":{"loc":{"start":{"line":113,"column":4},"end":{"line":148,"column":null}},"type":"if","locations":[{"start":{"line":113,"column":4},"end":{"line":148,"column":null}},{"start":{},"end":{}}],"line":113},"7":{"loc":{"start":{"line":127,"column":15},"end":{"line":129,"column":null}},"type":"binary-expr","locations":[{"start":{"line":127,"column":15},"end":{"line":127,"column":34}},{"start":{"line":127,"column":38},"end":{"line":127,"column":null}},{"start":{"line":127,"column":38},"end":{"line":129,"column":null}}],"line":127},"8":{"loc":{"start":{"line":133,"column":17},"end":{"line":136,"column":null}},"type":"binary-expr","locations":[{"start":{"line":133,"column":17},"end":{"line":133,"column":null}},{"start":{"line":133,"column":17},"end":{"line":136,"column":null}}],"line":133},"9":{"loc":{"start":{"line":151,"column":4},"end":{"line":175,"column":null}},"type":"if","locations":[{"start":{"line":151,"column":4},"end":{"line":175,"column":null}},{"start":{},"end":{}}],"line":151},"10":{"loc":{"start":{"line":158,"column":17},"end":{"line":158,"column":42}},"type":"binary-expr","locations":[{"start":{"line":158,"column":17},"end":{"line":158,"column":32}},{"start":{"line":158,"column":32},"end":{"line":158,"column":42}}],"line":158},"11":{"loc":{"start":{"line":166,"column":13},"end":{"line":168,"column":null}},"type":"binary-expr","locations":[{"start":{"line":166,"column":13},"end":{"line":166,"column":null}},{"start":{"line":166,"column":13},"end":{"line":168,"column":null}}],"line":166},"12":{"loc":{"start":{"line":188,"column":13},"end":{"line":188,"column":null}},"type":"binary-expr","locations":[{"start":{"line":188,"column":13},"end":{"line":188,"column":31}},{"start":{"line":188,"column":31},"end":{"line":188,"column":null}}],"line":188},"13":{"loc":{"start":{"line":191,"column":13},"end":{"line":193,"column":null}},"type":"binary-expr","locations":[{"start":{"line":191,"column":13},"end":{"line":191,"column":null}},{"start":{"line":191,"column":13},"end":{"line":193,"column":null}}],"line":191},"14":{"loc":{"start":{"line":83,"column":4},"end":{"line":90,"column":null}},"type":"if","locations":[{"start":{"line":83,"column":4},"end":{"line":90,"column":null}},{"start":{},"end":{}}],"line":83},"15":{"loc":{"start":{"line":257,"column":16},"end":{"line":265,"column":null}},"type":"binary-expr","locations":[{"start":{"line":257,"column":16},"end":{"line":257,"column":null}},{"start":{"line":257,"column":16},"end":{"line":265,"column":null}}],"line":257}},"s":{"0":1,"1":1,"2":34,"3":17,"4":17,"5":17,"6":17,"7":17,"8":0,"9":0,"10":0,"11":0,"12":89,"13":89,"14":89,"15":38,"16":51,"17":9,"18":42,"19":42,"20":12,"21":30,"22":6,"23":24,"24":31,"25":4,"26":4,"27":8,"28":0,"29":31,"30":6,"31":2,"32":6,"33":6,"34":0},"f":{"0":1,"1":17,"2":0,"3":0,"4":89,"5":31,"6":4,"7":8,"8":0,"9":6,"10":2,"11":6,"12":6,"13":0},"b":{"0":[17],"1":[0,17],"2":[0,0],"3":[89],"4":[38,51],"5":[9,42],"6":[12,30],"7":[12,12,12],"8":[12,12],"9":[6,24],"10":[6,0],"11":[6,6],"12":[24,0],"13":[89,21],"14":[4,0],"15":[6,3]},"meta":{"lastBranch":16,"lastFunction":14,"lastStatement":35,"seen":{"s:22:20:22:Infinity":0,"s:31:1:31:Infinity":1,"f:43:9:43:34":0,"s:44:4:47:Infinity":2,"f:50:2:50:20":1,"s:51:58:51:68":3,"b:51:20:51:31":0,"s:54:4:60:Infinity":4,"s:62:4:62:Infinity":5,"s:63:4:63:Infinity":6,"b:66:4:68:Infinity:undefined:undefined:undefined:undefined":1,"s:66:4:68:Infinity":7,"s:67:6:67:Infinity":8,"f:71:10:71:22":2,"s:72:4:79:Infinity":9,"s:74:6:76:Infinity":10,"f:74:37:74:51":3,"s:75:8:75:Infinity":11,"b:75:40:75:62:75:66:75:83":2,"f:97:2:97:11":4,"s:98:44:98:54":12,"s:99:69:99:79":13,"b:99:40:99:51":3,"b:101:4:103:Infinity:undefined:undefined:undefined:undefined":4,"s:101:4:103:Infinity":14,"s:102:6:102:Infinity":15,"b:106:4:108:Infinity:undefined:undefined:undefined:undefined":5,"s:106:4:108:Infinity":16,"s:107:6:107:Infinity":17,"s:110:21:110:Infinity":18,"b:113:4:148:Infinity:undefined:undefined:undefined:undefined":6,"s:113:4:148:Infinity":19,"s:114:6:140:Infinity":20,"b:127:15:127:34:127:38:127:Infinity:127:38:129:Infinity":7,"b:133:17:133:Infinity:133:17:136:Infinity":8,"b:151:4:175:Infinity:undefined:undefined:undefined:undefined":9,"s:151:4:175:Infinity":21,"s:152:6:168:Infinity":22,"b:158:17:158:32:158:32:158:42":10,"b:166:13:166:Infinity:166:13:168:Infinity":11,"s:178:4:201:Infinity":23,"b:188:13:188:31:188:31:188:Infinity":12,"b:191:13:191:Infinity:191:13:193:Infinity":13,"f:33:2:33:14":5,"s:34:4:95:Infinity":24,"f:82:16:82:Infinity":6,"b:83:4:90:Infinity:undefined:undefined:undefined:undefined":14,"s:83:4:90:Infinity":25,"s:84:6:89:Infinity":26,"f:84:20:84:29":7,"s:84:29:89:Infinity":27,"f:93:17:93:Infinity":8,"s:94:4:94:Infinity":28,"s:35:4:40:Infinity":29,"f:214:16:214:36":9,"s:215:2:222:Infinity":30,"f:218:15:218:16":10,"s:219:8:219:Infinity":31,"f:230:16:230:37":11,"s:237:2:239:Infinity":32,"f:247:16:247:33":12,"s:254:2:271:Infinity":33,"b:257:16:257:Infinity:257:16:265:Infinity":15,"f:264:21:264:27":13,"s:264:27:264:Infinity":34}}}
,"/workspaces/jeenie/src/components/ui/button.tsx": {"path":"/workspaces/jeenie/src/components/ui/button.tsx","statementMap":{"0":{"start":{"line":7,"column":6},"end":{"line":33,"column":null}},"1":{"start":{"line":42,"column":15},"end":{"line":52,"column":null}},"2":{"start":{"line":44,"column":17},"end":{"line":44,"column":null}},"3":{"start":{"line":45,"column":4},"end":{"line":49,"column":null}},"4":{"start":{"line":54,"column":0},"end":{"line":54,"column":null}}},"fnMap":{"0":{"name":"(anonymous_0)","decl":{"start":{"line":43,"column":2},"end":{"line":43,"column":3}},"loc":{"start":{"line":43,"column":60},"end":{"line":52,"column":null}},"line":43}},"branchMap":{"0":{"loc":{"start":{"line":43,"column":31},"end":{"line":43,"column":46}},"type":"default-arg","locations":[{"start":{"line":43,"column":41},"end":{"line":43,"column":46}}],"line":43},"1":{"loc":{"start":{"line":44,"column":17},"end":{"line":44,"column":null}},"type":"cond-expr","locations":[{"start":{"line":44,"column":27},"end":{"line":44,"column":34}},{"start":{"line":44,"column":34},"end":{"line":44,"column":null}}],"line":44}},"s":{"0":2,"1":2,"2":82,"3":82,"4":2},"f":{"0":82},"b":{"0":[82],"1":[0,82]},"meta":{"lastBranch":2,"lastFunction":1,"lastStatement":5,"seen":{"s:7:6:33:Infinity":0,"s:42:15:52:Infinity":1,"f:43:2:43:3":0,"b:43:41:43:46":0,"s:44:17:44:Infinity":2,"b:44:27:44:34:44:34:44:Infinity":1,"s:45:4:49:Infinity":3,"s:54:0:54:Infinity":4}}}
,"/workspaces/jeenie/src/components/ui/card.tsx": {"path":"/workspaces/jeenie/src/components/ui/card.tsx","statementMap":{"0":{"start":{"line":5,"column":13},"end":{"line":15,"column":null}},"1":{"start":{"line":8,"column":28},"end":{"line":15,"column":null}},"2":{"start":{"line":18,"column":0},"end":{"line":18,"column":null}},"3":{"start":{"line":20,"column":19},"end":{"line":27,"column":null}},"4":{"start":{"line":23,"column":28},"end":{"line":27,"column":null}},"5":{"start":{"line":30,"column":0},"end":{"line":30,"column":null}},"6":{"start":{"line":32,"column":18},"end":{"line":42,"column":null}},"7":{"start":{"line":35,"column":28},"end":{"line":42,"column":null}},"8":{"start":{"line":45,"column":0},"end":{"line":45,"column":null}},"9":{"start":{"line":47,"column":24},"end":{"line":54,"column":null}},"10":{"start":{"line":50,"column":28},"end":{"line":54,"column":null}},"11":{"start":{"line":57,"column":0},"end":{"line":57,"column":null}},"12":{"start":{"line":59,"column":20},"end":{"line":63,"column":null}},"13":{"start":{"line":62,"column":28},"end":{"line":63,"column":null}},"14":{"start":{"line":65,"column":0},"end":{"line":65,"column":null}},"15":{"start":{"line":67,"column":19},"end":{"line":74,"column":null}},"16":{"start":{"line":70,"column":28},"end":{"line":74,"column":null}},"17":{"start":{"line":77,"column":0},"end":{"line":77,"column":null}}},"fnMap":{"0":{"name":"(anonymous_0)","decl":{"start":{"line":8,"column":2},"end":{"line":8,"column":3}},"loc":{"start":{"line":8,"column":28},"end":{"line":15,"column":null}},"line":8},"1":{"name":"(anonymous_1)","decl":{"start":{"line":23,"column":2},"end":{"line":23,"column":3}},"loc":{"start":{"line":23,"column":28},"end":{"line":27,"column":null}},"line":23},"2":{"name":"(anonymous_2)","decl":{"start":{"line":35,"column":2},"end":{"line":35,"column":3}},"loc":{"start":{"line":35,"column":28},"end":{"line":42,"column":null}},"line":35},"3":{"name":"(anonymous_3)","decl":{"start":{"line":50,"column":2},"end":{"line":50,"column":3}},"loc":{"start":{"line":50,"column":28},"end":{"line":54,"column":null}},"line":50},"4":{"name":"(anonymous_4)","decl":{"start":{"line":62,"column":2},"end":{"line":62,"column":3}},"loc":{"start":{"line":62,"column":28},"end":{"line":63,"column":null}},"line":62},"5":{"name":"(anonymous_5)","decl":{"start":{"line":70,"column":2},"end":{"line":70,"column":3}},"loc":{"start":{"line":70,"column":28},"end":{"line":74,"column":null}},"line":70}},"branchMap":{},"s":{"0":1,"1":18,"2":1,"3":1,"4":18,"5":1,"6":1,"7":18,"8":1,"9":1,"10":12,"11":1,"12":1,"13":18,"14":1,"15":1,"16":0,"17":1},"f":{"0":18,"1":18,"2":18,"3":12,"4":18,"5":0},"b":{},"meta":{"lastBranch":0,"lastFunction":6,"lastStatement":18,"seen":{"s:5:13:15:Infinity":0,"f:8:2:8:3":0,"s:8:28:15:Infinity":1,"s:18:0:18:Infinity":2,"s:20:19:27:Infinity":3,"f:23:2:23:3":1,"s:23:28:27:Infinity":4,"s:30:0:30:Infinity":5,"s:32:18:42:Infinity":6,"f:35:2:35:3":2,"s:35:28:42:Infinity":7,"s:45:0:45:Infinity":8,"s:47:24:54:Infinity":9,"f:50:2:50:3":3,"s:50:28:54:Infinity":10,"s:57:0:57:Infinity":11,"s:59:20:63:Infinity":12,"f:62:2:62:3":4,"s:62:28:63:Infinity":13,"s:65:0:65:Infinity":14,"s:67:19:74:Infinity":15,"f:70:2:70:3":5,"s:70:28:74:Infinity":16,"s:77:0:77:Infinity":17}}}
,"/workspaces/jeenie/src/config/studySystem.ts": {"path":"/workspaces/jeenie/src/config/studySystem.ts","statementMap":{"0":{"start":{"line":1,"column":30},"end":{"line":29,"column":null}},"1":{"start":{"line":31,"column":33},"end":{"line":34,"column":null}},"2":{"start":{"line":36,"column":26},"end":{"line":61,"column":null}},"3":{"start":{"line":63,"column":39},"end":{"line":67,"column":null}},"4":{"start":{"line":69,"column":32},"end":{"line":81,"column":null}}},"fnMap":{},"branchMap":{},"s":{"0":1,"1":1,"2":1,"3":1,"4":1},"f":{},"b":{},"meta":{"lastBranch":0,"lastFunction":0,"lastStatement":5,"seen":{"s:1:30:29:Infinity":0,"s:31:33:34:Infinity":1,"s:36:26:61:Infinity":2,"s:63:39:67:Infinity":3,"s:69:32:81:Infinity":4}}}
,"/workspaces/jeenie/src/constants/unified.ts": {"path":"/workspaces/jeenie/src/constants/unified.ts","statementMap":{"0":{"start":{"line":14,"column":12},"end":{"line":14,"column":null}},"1":{"start":{"line":20,"column":12},"end":{"line":20,"column":null}},"2":{"start":{"line":27,"column":12},"end":{"line":27,"column":null}},"3":{"start":{"line":35,"column":12},"end":{"line":35,"column":null}},"4":{"start":{"line":41,"column":12},"end":{"line":41,"column":null}},"5":{"start":{"line":51,"column":33},"end":{"line":73,"column":null}},"6":{"start":{"line":79,"column":35},"end":{"line":84,"column":null}},"7":{"start":{"line":87,"column":32},"end":{"line":92,"column":null}},"8":{"start":{"line":88,"column":2},"end":{"line":88,"column":null}},"9":{"start":{"line":88,"column":49},"end":{"line":88,"column":null}},"10":{"start":{"line":89,"column":2},"end":{"line":89,"column":null}},"11":{"start":{"line":89,"column":46},"end":{"line":89,"column":null}},"12":{"start":{"line":90,"column":2},"end":{"line":90,"column":null}},"13":{"start":{"line":90,"column":48},"end":{"line":90,"column":null}},"14":{"start":{"line":91,"column":2},"end":{"line":91,"column":null}},"15":{"start":{"line":98,"column":30},"end":{"line":143,"column":null}},"16":{"start":{"line":149,"column":29},"end":{"line":156,"column":null}},"17":{"start":{"line":162,"column":33},"end":{"line":165,"column":null}},"18":{"start":{"line":171,"column":35},"end":{"line":188,"column":null}},"19":{"start":{"line":194,"column":30},"end":{"line":222,"column":null}},"20":{"start":{"line":228,"column":35},"end":{"line":232,"column":null}},"21":{"start":{"line":238,"column":29},"end":{"line":270,"column":null}},"22":{"start":{"line":272,"column":28},"end":{"line":288,"column":null}},"23":{"start":{"line":291,"column":35},"end":{"line":303,"column":null}},"24":{"start":{"line":292,"column":15},"end":{"line":292,"column":null}},"25":{"start":{"line":293,"column":2},"end":{"line":301,"column":null}},"26":{"start":{"line":294,"column":21},"end":{"line":297,"column":null}},"27":{"start":{"line":298,"column":4},"end":{"line":300,"column":null}},"28":{"start":{"line":299,"column":6},"end":{"line":299,"column":null}},"29":{"start":{"line":302,"column":2},"end":{"line":302,"column":null}},"30":{"start":{"line":309,"column":27},"end":{"line":314,"column":null}},"31":{"start":{"line":316,"column":28},"end":{"line":322,"column":null}},"32":{"start":{"line":328,"column":27},"end":{"line":334,"column":null}},"33":{"start":{"line":340,"column":34},"end":{"line":347,"column":null}},"34":{"start":{"line":353,"column":28},"end":{"line":359,"column":null}},"35":{"start":{"line":365,"column":37},"end":{"line":391,"column":null}},"36":{"start":{"line":400,"column":38},"end":{"line":403,"column":null}},"37":{"start":{"line":401,"column":21},"end":{"line":401,"column":null}},"38":{"start":{"line":402,"column":2},"end":{"line":402,"column":null}},"39":{"start":{"line":408,"column":37},"end":{"line":411,"column":null}},"40":{"start":{"line":409,"column":14},"end":{"line":409,"column":30}},"41":{"start":{"line":410,"column":2},"end":{"line":410,"column":null}},"42":{"start":{"line":416,"column":26},"end":{"line":428,"column":null}},"43":{"start":{"line":421,"column":2},"end":{"line":421,"column":null}},"44":{"start":{"line":421,"column":25},"end":{"line":421,"column":null}},"45":{"start":{"line":423,"column":26},"end":{"line":423,"column":null}},"46":{"start":{"line":424,"column":2},"end":{"line":426,"column":null}}},"fnMap":{"0":{"name":"(anonymous_0)","decl":{"start":{"line":14,"column":12},"end":{"line":14,"column":null}},"loc":{"start":{"line":14,"column":12},"end":{"line":14,"column":null}},"line":14},"1":{"name":"(anonymous_1)","decl":{"start":{"line":20,"column":12},"end":{"line":20,"column":null}},"loc":{"start":{"line":20,"column":12},"end":{"line":20,"column":null}},"line":20},"2":{"name":"(anonymous_2)","decl":{"start":{"line":27,"column":12},"end":{"line":27,"column":null}},"loc":{"start":{"line":27,"column":12},"end":{"line":27,"column":null}},"line":27},"3":{"name":"(anonymous_3)","decl":{"start":{"line":35,"column":12},"end":{"line":35,"column":null}},"loc":{"start":{"line":35,"column":12},"end":{"line":35,"column":null}},"line":35},"4":{"name":"(anonymous_4)","decl":{"start":{"line":41,"column":12},"end":{"line":41,"column":null}},"loc":{"start":{"line":41,"column":12},"end":{"line":41,"column":null}},"line":41},"5":{"name":"(anonymous_5)","decl":{"start":{"line":87,"column":32},"end":{"line":87,"column":33}},"loc":{"start":{"line":87,"column":33},"end":{"line":92,"column":null}},"line":87},"6":{"name":"(anonymous_6)","decl":{"start":{"line":291,"column":35},"end":{"line":291,"column":36}},"loc":{"start":{"line":291,"column":36},"end":{"line":303,"column":null}},"line":291},"7":{"name":"(anonymous_7)","decl":{"start":{"line":293,"column":40},"end":{"line":293,"column":41}},"loc":{"start":{"line":293,"column":54},"end":{"line":301,"column":null}},"line":293},"8":{"name":"(anonymous_8)","decl":{"start":{"line":298,"column":21},"end":{"line":298,"column":null}},"loc":{"start":{"line":298,"column":21},"end":{"line":300,"column":null}},"line":298},"9":{"name":"(anonymous_9)","decl":{"start":{"line":400,"column":38},"end":{"line":400,"column":39}},"loc":{"start":{"line":400,"column":39},"end":{"line":403,"column":null}},"line":400},"10":{"name":"(anonymous_10)","decl":{"start":{"line":408,"column":37},"end":{"line":408,"column":38}},"loc":{"start":{"line":408,"column":38},"end":{"line":411,"column":null}},"line":408},"11":{"name":"(anonymous_11)","decl":{"start":{"line":416,"column":26},"end":{"line":416,"column":null}},"loc":{"start":{"line":419,"column":2},"end":{"line":428,"column":null}},"line":419}},"branchMap":{"0":{"loc":{"start":{"line":88,"column":2},"end":{"line":88,"column":null}},"type":"if","locations":[{"start":{"line":88,"column":2},"end":{"line":88,"column":null}},{"start":{},"end":{}}],"line":88},"1":{"loc":{"start":{"line":89,"column":2},"end":{"line":89,"column":null}},"type":"if","locations":[{"start":{"line":89,"column":2},"end":{"line":89,"column":null}},{"start":{},"end":{}}],"line":89},"2":{"loc":{"start":{"line":90,"column":2},"end":{"line":90,"column":null}},"type":"if","locations":[{"start":{"line":90,"column":2},"end":{"line":90,"column":null}},{"start":{},"end":{}}],"line":90},"3":{"loc":{"start":{"line":402,"column":9},"end":{"line":402,"column":null}},"type":"binary-expr","locations":[{"start":{"line":402,"column":9},"end":{"line":402,"column":54}},{"start":{"line":402,"column":54},"end":{"line":402,"column":null}}],"line":402},"4":{"loc":{"start":{"line":421,"column":2},"end":{"line":421,"column":null}},"type":"if","locations":[{"start":{"line":421,"column":2},"end":{"line":421,"column":null}},{"start":{},"end":{}}],"line":421},"5":{"loc":{"start":{"line":425,"column":4},"end":{"line":426,"column":43}},"type":"binary-expr","locations":[{"start":{"line":425,"column":4},"end":{"line":425,"column":56}},{"start":{"line":426,"column":4},"end":{"line":426,"column":43}}],"line":425}},"s":{"0":2,"1":2,"2":2,"3":2,"4":2,"5":2,"6":2,"7":2,"8":0,"9":0,"10":0,"11":0,"12":0,"13":0,"14":0,"15":2,"16":2,"17":2,"18":2,"19":2,"20":2,"21":2,"22":2,"23":2,"24":0,"25":0,"26":0,"27":0,"28":0,"29":0,"30":2,"31":2,"32":2,"33":2,"34":2,"35":2,"36":2,"37":0,"38":0,"39":2,"40":0,"41":0,"42":2,"43":0,"44":0,"45":0,"46":0},"f":{"0":2,"1":2,"2":2,"3":2,"4":2,"5":0,"6":0,"7":0,"8":0,"9":0,"10":0,"11":0},"b":{"0":[0,0],"1":[0,0],"2":[0,0],"3":[0,0],"4":[0,0],"5":[0,0]},"meta":{"lastBranch":6,"lastFunction":12,"lastStatement":47,"seen":{"s:14:12:14:Infinity":0,"f:14:12:14:Infinity":0,"s:20:12:20:Infinity":1,"f:20:12:20:Infinity":1,"s:27:12:27:Infinity":2,"f:27:12:27:Infinity":2,"s:35:12:35:Infinity":3,"f:35:12:35:Infinity":3,"s:41:12:41:Infinity":4,"f:41:12:41:Infinity":4,"s:51:33:73:Infinity":5,"s:79:35:84:Infinity":6,"s:87:32:92:Infinity":7,"f:87:32:87:33":5,"b:88:2:88:Infinity:undefined:undefined:undefined:undefined":0,"s:88:2:88:Infinity":8,"s:88:49:88:Infinity":9,"b:89:2:89:Infinity:undefined:undefined:undefined:undefined":1,"s:89:2:89:Infinity":10,"s:89:46:89:Infinity":11,"b:90:2:90:Infinity:undefined:undefined:undefined:undefined":2,"s:90:2:90:Infinity":12,"s:90:48:90:Infinity":13,"s:91:2:91:Infinity":14,"s:98:30:143:Infinity":15,"s:149:29:156:Infinity":16,"s:162:33:165:Infinity":17,"s:171:35:188:Infinity":18,"s:194:30:222:Infinity":19,"s:228:35:232:Infinity":20,"s:238:29:270:Infinity":21,"s:272:28:288:Infinity":22,"s:291:35:303:Infinity":23,"f:291:35:291:36":6,"s:292:15:292:Infinity":24,"s:293:2:301:Infinity":25,"f:293:40:293:41":7,"s:294:21:297:Infinity":26,"s:298:4:300:Infinity":27,"f:298:21:298:Infinity":8,"s:299:6:299:Infinity":28,"s:302:2:302:Infinity":29,"s:309:27:314:Infinity":30,"s:316:28:322:Infinity":31,"s:328:27:334:Infinity":32,"s:340:34:347:Infinity":33,"s:353:28:359:Infinity":34,"s:365:37:391:Infinity":35,"s:400:38:403:Infinity":36,"f:400:38:400:39":9,"s:401:21:401:Infinity":37,"s:402:2:402:Infinity":38,"b:402:9:402:54:402:54:402:Infinity":3,"s:408:37:411:Infinity":39,"f:408:37:408:38":10,"s:409:14:409:30":40,"s:410:2:410:Infinity":41,"s:416:26:428:Infinity":42,"f:416:26:416:Infinity":11,"b:421:2:421:Infinity:undefined:undefined:undefined:undefined":4,"s:421:2:421:Infinity":43,"s:421:25:421:Infinity":44,"s:423:26:423:Infinity":45,"s:424:2:426:Infinity":46,"b:425:4:425:56:426:4:426:43":5}}}
,"/workspaces/jeenie/src/lib/masteryCalculator.ts": {"path":"/workspaces/jeenie/src/lib/masteryCalculator.ts","statementMap":{"0":{"start":{"line":19,"column":2},"end":{"line":22,"column":null}},"1":{"start":{"line":21,"column":4},"end":{"line":21,"column":null}},"2":{"start":{"line":25,"column":2},"end":{"line":28,"column":null}},"3":{"start":{"line":27,"column":4},"end":{"line":27,"column":null}},"4":{"start":{"line":31,"column":2},"end":{"line":34,"column":null}},"5":{"start":{"line":33,"column":4},"end":{"line":33,"column":null}},"6":{"start":{"line":37,"column":2},"end":{"line":37,"column":null}},"7":{"start":{"line":41,"column":24},"end":{"line":41,"column":102}},"8":{"start":{"line":43,"column":2},"end":{"line":43,"column":48}},"9":{"start":{"line":43,"column":34},"end":{"line":43,"column":48}},"10":{"start":{"line":45,"column":21},"end":{"line":45,"column":null}},"11":{"start":{"line":46,"column":21},"end":{"line":46,"column":57}},"12":{"start":{"line":48,"column":2},"end":{"line":50,"column":null}},"13":{"start":{"line":55,"column":2},"end":{"line":55,"column":null}},"14":{"start":{"line":55,"column":34},"end":{"line":55,"column":null}},"15":{"start":{"line":57,"column":21},"end":{"line":57,"column":null}},"16":{"start":{"line":58,"column":21},"end":{"line":58,"column":57}},"17":{"start":{"line":60,"column":2},"end":{"line":60,"column":null}},"18":{"start":{"line":64,"column":2},"end":{"line":64,"column":null}},"19":{"start":{"line":64,"column":34},"end":{"line":64,"column":null}},"20":{"start":{"line":66,"column":21},"end":{"line":66,"column":null}},"21":{"start":{"line":67,"column":21},"end":{"line":67,"column":57}},"22":{"start":{"line":69,"column":2},"end":{"line":69,"column":null}},"23":{"start":{"line":73,"column":2},"end":{"line":75,"column":null}},"24":{"start":{"line":80,"column":2},"end":{"line":80,"column":null}},"25":{"start":{"line":84,"column":19},"end":{"line":84,"column":50}},"26":{"start":{"line":85,"column":22},"end":{"line":85,"column":46}},"27":{"start":{"line":88,"column":2},"end":{"line":90,"column":null}},"28":{"start":{"line":89,"column":4},"end":{"line":89,"column":null}},"29":{"start":{"line":92,"column":27},"end":{"line":92,"column":null}},"30":{"start":{"line":93,"column":28},"end":{"line":93,"column":null}},"31":{"start":{"line":95,"column":2},"end":{"line":95,"column":null}}},"fnMap":{"0":{"name":"calculateMasteryLevel","decl":{"start":{"line":14,"column":16},"end":{"line":14,"column":null}},"loc":{"start":{"line":16,"column":28},"end":{"line":38,"column":null}},"line":16},"1":{"name":"shouldLevelUp","decl":{"start":{"line":40,"column":16},"end":{"line":40,"column":30}},"loc":{"start":{"line":40,"column":51},"end":{"line":52,"column":null}},"line":40},"2":{"name":"getQuestionsNeededForNextLevel","decl":{"start":{"line":54,"column":16},"end":{"line":54,"column":47}},"loc":{"start":{"line":54,"column":68},"end":{"line":61,"column":null}},"line":54},"3":{"name":"getAccuracyNeededForNextLevel","decl":{"start":{"line":63,"column":16},"end":{"line":63,"column":46}},"loc":{"start":{"line":63,"column":67},"end":{"line":70,"column":null}},"line":63},"4":{"name":"isTopicStuck","decl":{"start":{"line":72,"column":16},"end":{"line":72,"column":29}},"loc":{"start":{"line":72,"column":50},"end":{"line":77,"column":null}},"line":72},"5":{"name":"getRecommendedQuestionsPerDay","decl":{"start":{"line":79,"column":16},"end":{"line":79,"column":46}},"loc":{"start":{"line":79,"column":66},"end":{"line":81,"column":null}},"line":79},"6":{"name":"calculateProgressPercentage","decl":{"start":{"line":83,"column":16},"end":{"line":83,"column":44}},"loc":{"start":{"line":83,"column":65},"end":{"line":96,"column":null}},"line":83}},"branchMap":{"0":{"loc":{"start":{"line":19,"column":2},"end":{"line":22,"column":null}},"type":"if","locations":[{"start":{"line":19,"column":2},"end":{"line":22,"column":null}},{"start":{},"end":{}}],"line":19},"1":{"loc":{"start":{"line":19,"column":6},"end":{"line":20,"column":66}},"type":"binary-expr","locations":[{"start":{"line":19,"column":6},"end":{"line":19,"column":52}},{"start":{"line":20,"column":6},"end":{"line":20,"column":66}}],"line":19},"2":{"loc":{"start":{"line":25,"column":2},"end":{"line":28,"column":null}},"type":"if","locations":[{"start":{"line":25,"column":2},"end":{"line":28,"column":null}},{"start":{},"end":{}}],"line":25},"3":{"loc":{"start":{"line":25,"column":6},"end":{"line":26,"column":66}},"type":"binary-expr","locations":[{"start":{"line":25,"column":6},"end":{"line":25,"column":52}},{"start":{"line":26,"column":6},"end":{"line":26,"column":66}}],"line":25},"4":{"loc":{"start":{"line":31,"column":2},"end":{"line":34,"column":null}},"type":"if","locations":[{"start":{"line":31,"column":2},"end":{"line":34,"column":null}},{"start":{},"end":{}}],"line":31},"5":{"loc":{"start":{"line":31,"column":6},"end":{"line":32,"column":66}},"type":"binary-expr","locations":[{"start":{"line":31,"column":6},"end":{"line":31,"column":52}},{"start":{"line":32,"column":6},"end":{"line":32,"column":66}}],"line":31},"6":{"loc":{"start":{"line":43,"column":2},"end":{"line":43,"column":48}},"type":"if","locations":[{"start":{"line":43,"column":2},"end":{"line":43,"column":48}},{"start":{},"end":{}}],"line":43},"7":{"loc":{"start":{"line":49,"column":4},"end":{"line":50,"column":60}},"type":"binary-expr","locations":[{"start":{"line":49,"column":4},"end":{"line":49,"column":46}},{"start":{"line":50,"column":4},"end":{"line":50,"column":60}}],"line":49},"8":{"loc":{"start":{"line":55,"column":2},"end":{"line":55,"column":null}},"type":"if","locations":[{"start":{"line":55,"column":2},"end":{"line":55,"column":null}},{"start":{},"end":{}}],"line":55},"9":{"loc":{"start":{"line":64,"column":2},"end":{"line":64,"column":null}},"type":"if","locations":[{"start":{"line":64,"column":2},"end":{"line":64,"column":null}},{"start":{},"end":{}}],"line":64},"10":{"loc":{"start":{"line":74,"column":4},"end":{"line":75,"column":60}},"type":"binary-expr","locations":[{"start":{"line":74,"column":4},"end":{"line":74,"column":61}},{"start":{"line":75,"column":4},"end":{"line":75,"column":60}}],"line":74},"11":{"loc":{"start":{"line":88,"column":2},"end":{"line":90,"column":null}},"type":"if","locations":[{"start":{"line":88,"column":2},"end":{"line":90,"column":null}},{"start":{},"end":{}}],"line":88}},"s":{"0":10,"1":2,"2":8,"3":2,"4":6,"5":2,"6":4,"7":6,"8":6,"9":1,"10":5,"11":5,"12":5,"13":5,"14":1,"15":4,"16":4,"17":4,"18":3,"19":1,"20":2,"21":2,"22":2,"23":5,"24":4,"25":4,"26":4,"27":4,"28":0,"29":4,"30":4,"31":4},"f":{"0":10,"1":6,"2":5,"3":3,"4":5,"5":4,"6":4},"b":{"0":[2,8],"1":[10,5],"2":[2,6],"3":[8,4],"4":[2,4],"5":[6,4],"6":[1,5],"7":[5,4],"8":[1,4],"9":[1,2],"10":[5,3],"11":[0,4]},"meta":{"lastBranch":12,"lastFunction":7,"lastStatement":32,"seen":{"f:14:16:14:Infinity":0,"b:19:2:22:Infinity:undefined:undefined:undefined:undefined":0,"s:19:2:22:Infinity":0,"b:19:6:19:52:20:6:20:66":1,"s:21:4:21:Infinity":1,"b:25:2:28:Infinity:undefined:undefined:undefined:undefined":2,"s:25:2:28:Infinity":2,"b:25:6:25:52:26:6:26:66":3,"s:27:4:27:Infinity":3,"b:31:2:34:Infinity:undefined:undefined:undefined:undefined":4,"s:31:2:34:Infinity":4,"b:31:6:31:52:32:6:32:66":5,"s:33:4:33:Infinity":5,"s:37:2:37:Infinity":6,"f:40:16:40:30":1,"s:41:24:41:102":7,"b:43:2:43:48:undefined:undefined:undefined:undefined":6,"s:43:2:43:48":8,"s:43:34:43:48":9,"s:45:21:45:Infinity":10,"s:46:21:46:57":11,"s:48:2:50:Infinity":12,"b:49:4:49:46:50:4:50:60":7,"f:54:16:54:47":2,"b:55:2:55:Infinity:undefined:undefined:undefined:undefined":8,"s:55:2:55:Infinity":13,"s:55:34:55:Infinity":14,"s:57:21:57:Infinity":15,"s:58:21:58:57":16,"s:60:2:60:Infinity":17,"f:63:16:63:46":3,"b:64:2:64:Infinity:undefined:undefined:undefined:undefined":9,"s:64:2:64:Infinity":18,"s:64:34:64:Infinity":19,"s:66:21:66:Infinity":20,"s:67:21:67:57":21,"s:69:2:69:Infinity":22,"f:72:16:72:29":4,"s:73:2:75:Infinity":23,"b:74:4:74:61:75:4:75:60":10,"f:79:16:79:46":5,"s:80:2:80:Infinity":24,"f:83:16:83:44":6,"s:84:19:84:50":25,"s:85:22:85:46":26,"b:88:2:90:Infinity:undefined:undefined:undefined:undefined":11,"s:88:2:90:Infinity":27,"s:89:4:89:Infinity":28,"s:92:27:92:Infinity":29,"s:93:28:93:Infinity":30,"s:95:2:95:Infinity":31}}}
,"/workspaces/jeenie/src/lib/studyPlannerCore.ts": {"path":"/workspaces/jeenie/src/lib/studyPlannerCore.ts","statementMap":{"0":{"start":{"line":23,"column":2},"end":{"line":38,"column":null}},"1":{"start":{"line":25,"column":4},"end":{"line":25,"column":null}},"2":{"start":{"line":26,"column":9},"end":{"line":38,"column":null}},"3":{"start":{"line":28,"column":4},"end":{"line":28,"column":null}},"4":{"start":{"line":29,"column":9},"end":{"line":38,"column":null}},"5":{"start":{"line":31,"column":4},"end":{"line":31,"column":null}},"6":{"start":{"line":32,"column":9},"end":{"line":38,"column":null}},"7":{"start":{"line":34,"column":4},"end":{"line":34,"column":null}},"8":{"start":{"line":37,"column":4},"end":{"line":37,"column":null}},"9":{"start":{"line":50,"column":32},"end":{"line":50,"column":34}},"10":{"start":{"line":51,"column":34},"end":{"line":51,"column":36}},"11":{"start":{"line":52,"column":34},"end":{"line":52,"column":36}},"12":{"start":{"line":54,"column":2},"end":{"line":87,"column":null}},"13":{"start":{"line":55,"column":21},"end":{"line":55,"column":null}},"14":{"start":{"line":56,"column":31},"end":{"line":56,"column":null}},"15":{"start":{"line":57,"column":26},"end":{"line":59,"column":null}},"16":{"start":{"line":61,"column":30},"end":{"line":62,"column":null}},"17":{"start":{"line":66,"column":26},"end":{"line":66,"column":null}},"18":{"start":{"line":68,"column":41},"end":{"line":78,"column":null}},"19":{"start":{"line":80,"column":4},"end":{"line":86,"column":null}},"20":{"start":{"line":81,"column":6},"end":{"line":81,"column":null}},"21":{"start":{"line":82,"column":11},"end":{"line":86,"column":null}},"22":{"start":{"line":83,"column":6},"end":{"line":83,"column":null}},"23":{"start":{"line":85,"column":6},"end":{"line":85,"column":null}},"24":{"start":{"line":90,"column":2},"end":{"line":90,"column":null}},"25":{"start":{"line":90,"column":22},"end":{"line":90,"column":55}},"26":{"start":{"line":91,"column":2},"end":{"line":91,"column":null}},"27":{"start":{"line":91,"column":24},"end":{"line":91,"column":57}},"28":{"start":{"line":92,"column":2},"end":{"line":92,"column":null}},"29":{"start":{"line":92,"column":24},"end":{"line":92,"column":57}},"30":{"start":{"line":94,"column":2},"end":{"line":94,"column":null}},"31":{"start":{"line":107,"column":25},"end":{"line":107,"column":null}},"32":{"start":{"line":108,"column":27},"end":{"line":108,"column":null}},"33":{"start":{"line":109,"column":25},"end":{"line":109,"column":null}},"34":{"start":{"line":111,"column":2},"end":{"line":111,"column":null}},"35":{"start":{"line":123,"column":23},"end":{"line":123,"column":null}},"36":{"start":{"line":124,"column":23},"end":{"line":124,"column":62}},"37":{"start":{"line":127,"column":22},"end":{"line":127,"column":null}},"38":{"start":{"line":128,"column":24},"end":{"line":128,"column":null}},"39":{"start":{"line":129,"column":24},"end":{"line":129,"column":null}},"40":{"start":{"line":131,"column":25},"end":{"line":135,"column":null}},"41":{"start":{"line":132,"column":4},"end":{"line":132,"column":null}},"42":{"start":{"line":132,"column":29},"end":{"line":132,"column":null}},"43":{"start":{"line":133,"column":25},"end":{"line":133,"column":77}},"44":{"start":{"line":134,"column":4},"end":{"line":134,"column":null}},"45":{"start":{"line":134,"column":40},"end":{"line":134,"column":null}},"46":{"start":{"line":137,"column":2},"end":{"line":141,"column":null}},"47":{"start":{"line":153,"column":29},"end":{"line":153,"column":31}},"48":{"start":{"line":154,"column":16},"end":{"line":154,"column":null}},"49":{"start":{"line":155,"column":19},"end":{"line":155,"column":null}},"50":{"start":{"line":157,"column":2},"end":{"line":264,"column":null}},"51":{"start":{"line":157,"column":15},"end":{"line":157,"column":18}},"52":{"start":{"line":158,"column":17},"end":{"line":158,"column":null}},"53":{"start":{"line":159,"column":4},"end":{"line":159,"column":null}},"54":{"start":{"line":160,"column":22},"end":{"line":160,"column":null}},"55":{"start":{"line":161,"column":20},"end":{"line":161,"column":39}},"56":{"start":{"line":162,"column":22},"end":{"line":162,"column":39}},"57":{"start":{"line":164,"column":31},"end":{"line":164,"column":33}},"58":{"start":{"line":165,"column":23},"end":{"line":165,"column":null}},"59":{"start":{"line":167,"column":4},"end":{"line":255,"column":null}},"60":{"start":{"line":169,"column":29},"end":{"line":169,"column":null}},"61":{"start":{"line":170,"column":6},"end":{"line":181,"column":null}},"62":{"start":{"line":171,"column":8},"end":{"line":179,"column":null}},"63":{"start":{"line":180,"column":8},"end":{"line":180,"column":null}},"64":{"start":{"line":182,"column":11},"end":{"line":255,"column":null}},"65":{"start":{"line":184,"column":24},"end":{"line":184,"column":null}},"66":{"start":{"line":185,"column":6},"end":{"line":196,"column":null}},"67":{"start":{"line":186,"column":8},"end":{"line":194,"column":null}},"68":{"start":{"line":195,"column":8},"end":{"line":195,"column":null}},"69":{"start":{"line":198,"column":6},"end":{"line":206,"column":null}},"70":{"start":{"line":207,"column":6},"end":{"line":207,"column":null}},"71":{"start":{"line":211,"column":28},"end":{"line":211,"column":null}},"72":{"start":{"line":212,"column":6},"end":{"line":224,"column":null}},"73":{"start":{"line":213,"column":25},"end":{"line":213,"column":null}},"74":{"start":{"line":214,"column":8},"end":{"line":222,"column":null}},"75":{"start":{"line":223,"column":8},"end":{"line":223,"column":null}},"76":{"start":{"line":227,"column":30},"end":{"line":227,"column":null}},"77":{"start":{"line":228,"column":6},"end":{"line":239,"column":null}},"78":{"start":{"line":229,"column":8},"end":{"line":237,"column":null}},"79":{"start":{"line":238,"column":8},"end":{"line":238,"column":null}},"80":{"start":{"line":242,"column":28},"end":{"line":242,"column":null}},"81":{"start":{"line":243,"column":6},"end":{"line":254,"column":null}},"82":{"start":{"line":244,"column":8},"end":{"line":252,"column":null}},"83":{"start":{"line":253,"column":8},"end":{"line":253,"column":null}},"84":{"start":{"line":257,"column":4},"end":{"line":263,"column":null}},"85":{"start":{"line":266,"column":2},"end":{"line":266,"column":null}},"86":{"start":{"line":274,"column":48},"end":{"line":286,"column":null}},"87":{"start":{"line":294,"column":25},"end":{"line":294,"column":85}},"88":{"start":{"line":297,"column":27},"end":{"line":299,"column":null}},"89":{"start":{"line":302,"column":22},"end":{"line":303,"column":null}},"90":{"start":{"line":307,"column":21},"end":{"line":307,"column":null}},"91":{"start":{"line":310,"column":22},"end":{"line":310,"column":null}},"92":{"start":{"line":311,"column":27},"end":{"line":311,"column":55}},"93":{"start":{"line":314,"column":21},"end":{"line":314,"column":null}},"94":{"start":{"line":315,"column":26},"end":{"line":319,"column":null}},"95":{"start":{"line":321,"column":2},"end":{"line":327,"column":null}},"96":{"start":{"line":337,"column":20},"end":{"line":340,"column":null}},"97":{"start":{"line":338,"column":17},"end":{"line":338,"column":null}},"98":{"start":{"line":340,"column":14},"end":{"line":340,"column":69}},"99":{"start":{"line":342,"column":21},"end":{"line":345,"column":null}},"100":{"start":{"line":343,"column":17},"end":{"line":343,"column":null}},"101":{"start":{"line":345,"column":14},"end":{"line":345,"column":69}},"102":{"start":{"line":347,"column":24},"end":{"line":350,"column":null}},"103":{"start":{"line":348,"column":17},"end":{"line":348,"column":null}},"104":{"start":{"line":350,"column":14},"end":{"line":350,"column":75}},"105":{"start":{"line":352,"column":18},"end":{"line":355,"column":null}},"106":{"start":{"line":353,"column":17},"end":{"line":353,"column":null}},"107":{"start":{"line":355,"column":14},"end":{"line":355,"column":69}},"108":{"start":{"line":357,"column":2},"end":{"line":362,"column":null}},"109":{"start":{"line":375,"column":2},"end":{"line":377,"column":null}},"110":{"start":{"line":376,"column":4},"end":{"line":376,"column":null}},"111":{"start":{"line":378,"column":2},"end":{"line":380,"column":null}},"112":{"start":{"line":379,"column":4},"end":{"line":379,"column":null}},"113":{"start":{"line":381,"column":2},"end":{"line":383,"column":null}},"114":{"start":{"line":382,"column":4},"end":{"line":382,"column":null}},"115":{"start":{"line":386,"column":2},"end":{"line":388,"column":null}},"116":{"start":{"line":387,"column":4},"end":{"line":387,"column":null}},"117":{"start":{"line":389,"column":2},"end":{"line":391,"column":null}},"118":{"start":{"line":390,"column":4},"end":{"line":390,"column":null}},"119":{"start":{"line":394,"column":2},"end":{"line":396,"column":null}},"120":{"start":{"line":395,"column":4},"end":{"line":395,"column":null}},"121":{"start":{"line":399,"column":2},"end":{"line":399,"column":null}},"122":{"start":{"line":411,"column":24},"end":{"line":411,"column":null}},"123":{"start":{"line":412,"column":15},"end":{"line":412,"column":null}},"124":{"start":{"line":413,"column":21},"end":{"line":413,"column":null}},"125":{"start":{"line":416,"column":2},"end":{"line":432,"column":null}},"126":{"start":{"line":417,"column":4},"end":{"line":417,"column":null}},"127":{"start":{"line":418,"column":4},"end":{"line":418,"column":null}},"128":{"start":{"line":419,"column":4},"end":{"line":419,"column":null}},"129":{"start":{"line":422,"column":7},"end":{"line":432,"column":null}},"130":{"start":{"line":423,"column":4},"end":{"line":423,"column":null}},"131":{"start":{"line":424,"column":4},"end":{"line":424,"column":null}},"132":{"start":{"line":425,"column":4},"end":{"line":425,"column":null}},"133":{"start":{"line":428,"column":7},"end":{"line":432,"column":null}},"134":{"start":{"line":429,"column":4},"end":{"line":429,"column":null}},"135":{"start":{"line":430,"column":4},"end":{"line":430,"column":null}},"136":{"start":{"line":431,"column":4},"end":{"line":431,"column":null}},"137":{"start":{"line":434,"column":2},"end":{"line":439,"column":null}}},"fnMap":{"0":{"name":"calculateTimeAllocation","decl":{"start":{"line":21,"column":16},"end":{"line":21,"column":40}},"loc":{"start":{"line":21,"column":58},"end":{"line":39,"column":null}},"line":21},"1":{"name":"categorizeTopics","decl":{"start":{"line":45,"column":16},"end":{"line":45,"column":33}},"loc":{"start":{"line":45,"column":56},"end":{"line":95,"column":null}},"line":45},"2":{"name":"(anonymous_2)","decl":{"start":{"line":54,"column":27},"end":{"line":54,"column":28}},"loc":{"start":{"line":54,"column":28},"end":{"line":87,"column":null}},"line":54},"3":{"name":"(anonymous_3)","decl":{"start":{"line":90,"column":12},"end":{"line":90,"column":13}},"loc":{"start":{"line":90,"column":22},"end":{"line":90,"column":55}},"line":90},"4":{"name":"(anonymous_4)","decl":{"start":{"line":91,"column":14},"end":{"line":91,"column":15}},"loc":{"start":{"line":91,"column":24},"end":{"line":91,"column":57}},"line":91},"5":{"name":"(anonymous_5)","decl":{"start":{"line":92,"column":14},"end":{"line":92,"column":15}},"loc":{"start":{"line":92,"column":24},"end":{"line":92,"column":57}},"line":92},"6":{"name":"calculatePriorityScore","decl":{"start":{"line":97,"column":9},"end":{"line":97,"column":null}},"loc":{"start":{"line":100,"column":28},"end":{"line":112,"column":null}},"line":100},"7":{"name":"allocateStudyTime","decl":{"start":{"line":118,"column":16},"end":{"line":118,"column":null}},"loc":{"start":{"line":121,"column":96},"end":{"line":142,"column":null}},"line":121},"8":{"name":"(anonymous_8)","decl":{"start":{"line":131,"column":25},"end":{"line":131,"column":26}},"loc":{"start":{"line":131,"column":51},"end":{"line":135,"column":null}},"line":131},"9":{"name":"(anonymous_9)","decl":{"start":{"line":134,"column":34},"end":{"line":134,"column":40}},"loc":{"start":{"line":134,"column":40},"end":{"line":134,"column":null}},"line":134},"10":{"name":"generateWeeklyPlan","decl":{"start":{"line":148,"column":16},"end":{"line":148,"column":null}},"loc":{"start":{"line":151,"column":32},"end":{"line":267,"column":null}},"line":151},"11":{"name":"(anonymous_11)","decl":{"start":{"line":170,"column":29},"end":{"line":170,"column":null}},"loc":{"start":{"line":170,"column":29},"end":{"line":181,"column":null}},"line":170},"12":{"name":"(anonymous_12)","decl":{"start":{"line":185,"column":24},"end":{"line":185,"column":null}},"loc":{"start":{"line":185,"column":24},"end":{"line":196,"column":null}},"line":185},"13":{"name":"(anonymous_13)","decl":{"start":{"line":212,"column":28},"end":{"line":212,"column":null}},"loc":{"start":{"line":212,"column":28},"end":{"line":224,"column":null}},"line":212},"14":{"name":"(anonymous_14)","decl":{"start":{"line":228,"column":30},"end":{"line":228,"column":null}},"loc":{"start":{"line":228,"column":30},"end":{"line":239,"column":null}},"line":228},"15":{"name":"(anonymous_15)","decl":{"start":{"line":243,"column":28},"end":{"line":243,"column":null}},"loc":{"start":{"line":243,"column":28},"end":{"line":254,"column":null}},"line":243},"16":{"name":"predictRank","decl":{"start":{"line":288,"column":16},"end":{"line":288,"column":null}},"loc":{"start":{"line":291,"column":20},"end":{"line":328,"column":null}},"line":291},"17":{"name":"generateSWOTAnalysis","decl":{"start":{"line":334,"column":16},"end":{"line":334,"column":null}},"loc":{"start":{"line":335,"column":96},"end":{"line":363,"column":null}},"line":335},"18":{"name":"(anonymous_18)","decl":{"start":{"line":338,"column":12},"end":{"line":338,"column":17}},"loc":{"start":{"line":338,"column":17},"end":{"line":338,"column":null}},"line":338},"19":{"name":"(anonymous_19)","decl":{"start":{"line":340,"column":9},"end":{"line":340,"column":14}},"loc":{"start":{"line":340,"column":14},"end":{"line":340,"column":69}},"line":340},"20":{"name":"(anonymous_20)","decl":{"start":{"line":343,"column":12},"end":{"line":343,"column":17}},"loc":{"start":{"line":343,"column":17},"end":{"line":343,"column":null}},"line":343},"21":{"name":"(anonymous_21)","decl":{"start":{"line":345,"column":9},"end":{"line":345,"column":14}},"loc":{"start":{"line":345,"column":14},"end":{"line":345,"column":69}},"line":345},"22":{"name":"(anonymous_22)","decl":{"start":{"line":348,"column":12},"end":{"line":348,"column":17}},"loc":{"start":{"line":348,"column":17},"end":{"line":348,"column":null}},"line":348},"23":{"name":"(anonymous_23)","decl":{"start":{"line":350,"column":9},"end":{"line":350,"column":14}},"loc":{"start":{"line":350,"column":14},"end":{"line":350,"column":75}},"line":350},"24":{"name":"(anonymous_24)","decl":{"start":{"line":353,"column":12},"end":{"line":353,"column":17}},"loc":{"start":{"line":353,"column":17},"end":{"line":353,"column":null}},"line":353},"25":{"name":"(anonymous_25)","decl":{"start":{"line":355,"column":9},"end":{"line":355,"column":14}},"loc":{"start":{"line":355,"column":14},"end":{"line":355,"column":69}},"line":355},"26":{"name":"generateMotivation","decl":{"start":{"line":369,"column":16},"end":{"line":369,"column":null}},"loc":{"start":{"line":372,"column":24},"end":{"line":400,"column":null}},"line":372}},"branchMap":{"0":{"loc":{"start":{"line":23,"column":2},"end":{"line":38,"column":null}},"type":"if","locations":[{"start":{"line":23,"column":2},"end":{"line":38,"column":null}},{"start":{"line":26,"column":9},"end":{"line":38,"column":null}}],"line":23},"1":{"loc":{"start":{"line":26,"column":9},"end":{"line":38,"column":null}},"type":"if","locations":[{"start":{"line":26,"column":9},"end":{"line":38,"column":null}},{"start":{"line":29,"column":9},"end":{"line":38,"column":null}}],"line":26},"2":{"loc":{"start":{"line":29,"column":9},"end":{"line":38,"column":null}},"type":"if","locations":[{"start":{"line":29,"column":9},"end":{"line":38,"column":null}},{"start":{"line":32,"column":9},"end":{"line":38,"column":null}}],"line":29},"3":{"loc":{"start":{"line":32,"column":9},"end":{"line":38,"column":null}},"type":"if","locations":[{"start":{"line":32,"column":9},"end":{"line":38,"column":null}},{"start":{"line":35,"column":9},"end":{"line":38,"column":null}}],"line":32},"4":{"loc":{"start":{"line":55,"column":21},"end":{"line":55,"column":null}},"type":"binary-expr","locations":[{"start":{"line":55,"column":21},"end":{"line":55,"column":35}},{"start":{"line":55,"column":39},"end":{"line":55,"column":null}}],"line":55},"5":{"loc":{"start":{"line":56,"column":31},"end":{"line":56,"column":null}},"type":"binary-expr","locations":[{"start":{"line":56,"column":31},"end":{"line":56,"column":56}},{"start":{"line":56,"column":60},"end":{"line":56,"column":null}}],"line":56},"6":{"loc":{"start":{"line":57,"column":26},"end":{"line":59,"column":null}},"type":"cond-expr","locations":[{"start":{"line":58,"column":8},"end":{"line":58,"column":null}},{"start":{"line":59,"column":8},"end":{"line":59,"column":null}}],"line":57},"7":{"loc":{"start":{"line":75,"column":14},"end":{"line":75,"column":null}},"type":"cond-expr","locations":[{"start":{"line":75,"column":30},"end":{"line":75,"column":39}},{"start":{"line":75,"column":39},"end":{"line":75,"column":null}}],"line":75},"8":{"loc":{"start":{"line":75,"column":39},"end":{"line":75,"column":null}},"type":"cond-expr","locations":[{"start":{"line":75,"column":55},"end":{"line":75,"column":66}},{"start":{"line":75,"column":66},"end":{"line":75,"column":null}}],"line":75},"9":{"loc":{"start":{"line":80,"column":4},"end":{"line":86,"column":null}},"type":"if","locations":[{"start":{"line":80,"column":4},"end":{"line":86,"column":null}},{"start":{"line":82,"column":11},"end":{"line":86,"column":null}}],"line":80},"10":{"loc":{"start":{"line":82,"column":11},"end":{"line":86,"column":null}},"type":"if","locations":[{"start":{"line":82,"column":11},"end":{"line":86,"column":null}},{"start":{"line":84,"column":11},"end":{"line":86,"column":null}}],"line":82},"11":{"loc":{"start":{"line":132,"column":4},"end":{"line":132,"column":null}},"type":"if","locations":[{"start":{"line":132,"column":4},"end":{"line":132,"column":null}},{"start":{},"end":{}}],"line":132},"12":{"loc":{"start":{"line":167,"column":4},"end":{"line":255,"column":null}},"type":"if","locations":[{"start":{"line":167,"column":4},"end":{"line":255,"column":null}},{"start":{"line":182,"column":11},"end":{"line":255,"column":null}}],"line":167},"13":{"loc":{"start":{"line":182,"column":11},"end":{"line":255,"column":null}},"type":"if","locations":[{"start":{"line":182,"column":11},"end":{"line":255,"column":null}},{"start":{"line":208,"column":11},"end":{"line":255,"column":null}}],"line":182},"14":{"loc":{"start":{"line":213,"column":51},"end":{"line":213,"column":null}},"type":"binary-expr","locations":[{"start":{"line":213,"column":51},"end":{"line":213,"column":73}},{"start":{"line":213,"column":77},"end":{"line":213,"column":null}}],"line":213},"15":{"loc":{"start":{"line":294,"column":25},"end":{"line":294,"column":85}},"type":"binary-expr","locations":[{"start":{"line":294,"column":25},"end":{"line":294,"column":52}},{"start":{"line":294,"column":56},"end":{"line":294,"column":85}}],"line":294},"16":{"loc":{"start":{"line":297,"column":27},"end":{"line":299,"column":null}},"type":"cond-expr","locations":[{"start":{"line":297,"column":54},"end":{"line":297,"column":null}},{"start":{"line":298,"column":27},"end":{"line":299,"column":null}}],"line":297},"17":{"loc":{"start":{"line":298,"column":27},"end":{"line":299,"column":null}},"type":"cond-expr","locations":[{"start":{"line":298,"column":54},"end":{"line":298,"column":null}},{"start":{"line":299,"column":27},"end":{"line":299,"column":null}}],"line":298},"18":{"loc":{"start":{"line":299,"column":27},"end":{"line":299,"column":null}},"type":"cond-expr","locations":[{"start":{"line":299,"column":55},"end":{"line":299,"column":61}},{"start":{"line":299,"column":61},"end":{"line":299,"column":null}}],"line":299},"19":{"loc":{"start":{"line":315,"column":26},"end":{"line":319,"column":null}},"type":"cond-expr","locations":[{"start":{"line":315,"column":45},"end":{"line":315,"column":null}},{"start":{"line":316,"column":26},"end":{"line":319,"column":null}}],"line":315},"20":{"loc":{"start":{"line":316,"column":26},"end":{"line":319,"column":null}},"type":"cond-expr","locations":[{"start":{"line":316,"column":45},"end":{"line":316,"column":null}},{"start":{"line":317,"column":26},"end":{"line":319,"column":null}}],"line":316},"21":{"loc":{"start":{"line":317,"column":26},"end":{"line":319,"column":null}},"type":"cond-expr","locations":[{"start":{"line":317,"column":45},"end":{"line":317,"column":null}},{"start":{"line":318,"column":26},"end":{"line":319,"column":null}}],"line":317},"22":{"loc":{"start":{"line":318,"column":26},"end":{"line":319,"column":null}},"type":"cond-expr","locations":[{"start":{"line":318,"column":45},"end":{"line":318,"column":null}},{"start":{"line":319,"column":26},"end":{"line":319,"column":null}}],"line":318},"23":{"loc":{"start":{"line":319,"column":26},"end":{"line":319,"column":null}},"type":"cond-expr","locations":[{"start":{"line":319,"column":45},"end":{"line":319,"column":57}},{"start":{"line":319,"column":57},"end":{"line":319,"column":null}}],"line":319},"24":{"loc":{"start":{"line":338,"column":17},"end":{"line":338,"column":null}},"type":"binary-expr","locations":[{"start":{"line":338,"column":17},"end":{"line":338,"column":37}},{"start":{"line":338,"column":37},"end":{"line":338,"column":null}}],"line":338},"25":{"loc":{"start":{"line":348,"column":17},"end":{"line":348,"column":null}},"type":"binary-expr","locations":[{"start":{"line":348,"column":17},"end":{"line":348,"column":37}},{"start":{"line":348,"column":37},"end":{"line":348,"column":null}}],"line":348},"26":{"loc":{"start":{"line":358,"column":15},"end":{"line":358,"column":null}},"type":"cond-expr","locations":[{"start":{"line":358,"column":38},"end":{"line":358,"column":50}},{"start":{"line":358,"column":50},"end":{"line":358,"column":null}}],"line":358},"27":{"loc":{"start":{"line":359,"column":16},"end":{"line":359,"column":null}},"type":"cond-expr","locations":[{"start":{"line":359,"column":40},"end":{"line":359,"column":53}},{"start":{"line":359,"column":53},"end":{"line":359,"column":null}}],"line":359},"28":{"loc":{"start":{"line":360,"column":19},"end":{"line":360,"column":null}},"type":"cond-expr","locations":[{"start":{"line":360,"column":46},"end":{"line":360,"column":62}},{"start":{"line":360,"column":62},"end":{"line":360,"column":null}}],"line":360},"29":{"loc":{"start":{"line":361,"column":13},"end":{"line":361,"column":null}},"type":"cond-expr","locations":[{"start":{"line":361,"column":34},"end":{"line":361,"column":44}},{"start":{"line":361,"column":44},"end":{"line":361,"column":null}}],"line":361},"30":{"loc":{"start":{"line":375,"column":2},"end":{"line":377,"column":null}},"type":"if","locations":[{"start":{"line":375,"column":2},"end":{"line":377,"column":null}},{"start":{},"end":{}}],"line":375},"31":{"loc":{"start":{"line":378,"column":2},"end":{"line":380,"column":null}},"type":"if","locations":[{"start":{"line":378,"column":2},"end":{"line":380,"column":null}},{"start":{},"end":{}}],"line":378},"32":{"loc":{"start":{"line":378,"column":6},"end":{"line":378,"column":49}},"type":"binary-expr","locations":[{"start":{"line":378,"column":6},"end":{"line":378,"column":27}},{"start":{"line":378,"column":27},"end":{"line":378,"column":49}}],"line":378},"33":{"loc":{"start":{"line":381,"column":2},"end":{"line":383,"column":null}},"type":"if","locations":[{"start":{"line":381,"column":2},"end":{"line":383,"column":null}},{"start":{},"end":{}}],"line":381},"34":{"loc":{"start":{"line":386,"column":2},"end":{"line":388,"column":null}},"type":"if","locations":[{"start":{"line":386,"column":2},"end":{"line":388,"column":null}},{"start":{},"end":{}}],"line":386},"35":{"loc":{"start":{"line":389,"column":2},"end":{"line":391,"column":null}},"type":"if","locations":[{"start":{"line":389,"column":2},"end":{"line":391,"column":null}},{"start":{},"end":{}}],"line":389},"36":{"loc":{"start":{"line":394,"column":2},"end":{"line":396,"column":null}},"type":"if","locations":[{"start":{"line":394,"column":2},"end":{"line":396,"column":null}},{"start":{},"end":{}}],"line":394},"37":{"loc":{"start":{"line":394,"column":6},"end":{"line":394,"column":47}},"type":"binary-expr","locations":[{"start":{"line":394,"column":6},"end":{"line":394,"column":26}},{"start":{"line":394,"column":26},"end":{"line":394,"column":47}}],"line":394},"38":{"loc":{"start":{"line":416,"column":2},"end":{"line":432,"column":null}},"type":"if","locations":[{"start":{"line":416,"column":2},"end":{"line":432,"column":null}},{"start":{"line":422,"column":7},"end":{"line":432,"column":null}}],"line":416},"39":{"loc":{"start":{"line":416,"column":6},"end":{"line":416,"column":56}},"type":"binary-expr","locations":[{"start":{"line":416,"column":6},"end":{"line":416,"column":37}},{"start":{"line":416,"column":37},"end":{"line":416,"column":56}}],"line":416},"40":{"loc":{"start":{"line":422,"column":7},"end":{"line":432,"column":null}},"type":"if","locations":[{"start":{"line":422,"column":7},"end":{"line":432,"column":null}},{"start":{"line":428,"column":7},"end":{"line":432,"column":null}}],"line":422},"41":{"loc":{"start":{"line":428,"column":7},"end":{"line":432,"column":null}},"type":"if","locations":[{"start":{"line":428,"column":7},"end":{"line":432,"column":null}},{"start":{},"end":{}}],"line":428},"42":{"loc":{"start":{"line":428,"column":11},"end":{"line":428,"column":60}},"type":"binary-expr","locations":[{"start":{"line":428,"column":11},"end":{"line":428,"column":31}},{"start":{"line":428,"column":31},"end":{"line":428,"column":60}}],"line":428}},"s":{"0":25,"1":3,"2":22,"3":14,"4":8,"5":3,"6":5,"7":2,"8":3,"9":19,"10":19,"11":19,"12":19,"13":107,"14":107,"15":107,"16":107,"17":107,"18":107,"19":107,"20":43,"21":64,"22":32,"23":32,"24":19,"25":25,"26":19,"27":16,"28":19,"29":16,"30":19,"31":107,"32":107,"33":107,"34":107,"35":10,"36":10,"37":10,"38":10,"39":10,"40":10,"41":30,"42":5,"43":25,"44":25,"45":53,"46":10,"47":6,"48":6,"49":6,"50":6,"51":6,"52":42,"53":42,"54":42,"55":42,"56":42,"57":42,"58":42,"59":42,"60":6,"61":6,"62":12,"63":12,"64":36,"65":6,"66":6,"67":12,"68":12,"69":6,"70":6,"71":30,"72":30,"73":48,"74":48,"75":48,"76":30,"77":30,"78":30,"79":30,"80":30,"81":30,"82":30,"83":30,"84":42,"85":42,"86":1,"87":9,"88":9,"89":9,"90":9,"91":9,"92":9,"93":9,"94":9,"95":9,"96":4,"97":6,"98":6,"99":4,"100":6,"101":6,"102":4,"103":6,"104":6,"105":4,"106":6,"107":3,"108":4,"109":7,"110":1,"111":6,"112":1,"113":5,"114":1,"115":4,"116":1,"117":3,"118":2,"119":1,"120":0,"121":1,"122":6,"123":6,"124":6,"125":6,"126":2,"127":2,"128":2,"129":4,"130":2,"131":2,"132":2,"133":2,"134":1,"135":1,"136":1,"137":6},"f":{"0":25,"1":19,"2":107,"3":25,"4":16,"5":16,"6":107,"7":10,"8":30,"9":53,"10":6,"11":12,"12":12,"13":48,"14":30,"15":30,"16":9,"17":4,"18":6,"19":6,"20":6,"21":6,"22":6,"23":6,"24":6,"25":3,"26":7},"b":{"0":[3,22],"1":[14,8],"2":[3,5],"3":[2,3],"4":[107,1],"5":[107,1],"6":[106,1],"7":[43,64],"8":[32,32],"9":[43,64],"10":[32,32],"11":[5,25],"12":[6,36],"13":[6,30],"14":[48,0],"15":[9,1],"16":[1,8],"17":[0,8],"18":[6,2],"19":[2,7],"20":[1,6],"21":[1,5],"22":[0,5],"23":[4,1],"24":[6,6],"25":[6,6],"26":[3,1],"27":[3,1],"28":[3,1],"29":[3,1],"30":[1,6],"31":[1,5],"32":[6,1],"33":[1,4],"34":[1,3],"35":[2,1],"36":[0,1],"37":[1,1],"38":[2,4],"39":[6,3],"40":[2,2],"41":[1,1],"42":[2,1]},"meta":{"lastBranch":43,"lastFunction":27,"lastStatement":138,"seen":{"f:21:16:21:40":0,"b:23:2:38:Infinity:26:9:38:Infinity":0,"s:23:2:38:Infinity":0,"s:25:4:25:Infinity":1,"b:26:9:38:Infinity:29:9:38:Infinity":1,"s:26:9:38:Infinity":2,"s:28:4:28:Infinity":3,"b:29:9:38:Infinity:32:9:38:Infinity":2,"s:29:9:38:Infinity":4,"s:31:4:31:Infinity":5,"b:32:9:38:Infinity:35:9:38:Infinity":3,"s:32:9:38:Infinity":6,"s:34:4:34:Infinity":7,"s:37:4:37:Infinity":8,"f:45:16:45:33":1,"s:50:32:50:34":9,"s:51:34:51:36":10,"s:52:34:52:36":11,"s:54:2:87:Infinity":12,"f:54:27:54:28":2,"s:55:21:55:Infinity":13,"b:55:21:55:35:55:39:55:Infinity":4,"s:56:31:56:Infinity":14,"b:56:31:56:56:56:60:56:Infinity":5,"s:57:26:59:Infinity":15,"b:58:8:58:Infinity:59:8:59:Infinity":6,"s:61:30:62:Infinity":16,"s:66:26:66:Infinity":17,"s:68:41:78:Infinity":18,"b:75:30:75:39:75:39:75:Infinity":7,"b:75:55:75:66:75:66:75:Infinity":8,"b:80:4:86:Infinity:82:11:86:Infinity":9,"s:80:4:86:Infinity":19,"s:81:6:81:Infinity":20,"b:82:11:86:Infinity:84:11:86:Infinity":10,"s:82:11:86:Infinity":21,"s:83:6:83:Infinity":22,"s:85:6:85:Infinity":23,"s:90:2:90:Infinity":24,"f:90:12:90:13":3,"s:90:22:90:55":25,"s:91:2:91:Infinity":26,"f:91:14:91:15":4,"s:91:24:91:57":27,"s:92:2:92:Infinity":28,"f:92:14:92:15":5,"s:92:24:92:57":29,"s:94:2:94:Infinity":30,"f:97:9:97:Infinity":6,"s:107:25:107:Infinity":31,"s:108:27:108:Infinity":32,"s:109:25:109:Infinity":33,"s:111:2:111:Infinity":34,"f:118:16:118:Infinity":7,"s:123:23:123:Infinity":35,"s:124:23:124:62":36,"s:127:22:127:Infinity":37,"s:128:24:128:Infinity":38,"s:129:24:129:Infinity":39,"s:131:25:135:Infinity":40,"f:131:25:131:26":8,"b:132:4:132:Infinity:undefined:undefined:undefined:undefined":11,"s:132:4:132:Infinity":41,"s:132:29:132:Infinity":42,"s:133:25:133:77":43,"s:134:4:134:Infinity":44,"f:134:34:134:40":9,"s:134:40:134:Infinity":45,"s:137:2:141:Infinity":46,"f:148:16:148:Infinity":10,"s:153:29:153:31":47,"s:154:16:154:Infinity":48,"s:155:19:155:Infinity":49,"s:157:2:264:Infinity":50,"s:157:15:157:18":51,"s:158:17:158:Infinity":52,"s:159:4:159:Infinity":53,"s:160:22:160:Infinity":54,"s:161:20:161:39":55,"s:162:22:162:39":56,"s:164:31:164:33":57,"s:165:23:165:Infinity":58,"b:167:4:255:Infinity:182:11:255:Infinity":12,"s:167:4:255:Infinity":59,"s:169:29:169:Infinity":60,"s:170:6:181:Infinity":61,"f:170:29:170:Infinity":11,"s:171:8:179:Infinity":62,"s:180:8:180:Infinity":63,"b:182:11:255:Infinity:208:11:255:Infinity":13,"s:182:11:255:Infinity":64,"s:184:24:184:Infinity":65,"s:185:6:196:Infinity":66,"f:185:24:185:Infinity":12,"s:186:8:194:Infinity":67,"s:195:8:195:Infinity":68,"s:198:6:206:Infinity":69,"s:207:6:207:Infinity":70,"s:211:28:211:Infinity":71,"s:212:6:224:Infinity":72,"f:212:28:212:Infinity":13,"s:213:25:213:Infinity":73,"b:213:51:213:73:213:77:213:Infinity":14,"s:214:8:222:Infinity":74,"s:223:8:223:Infinity":75,"s:227:30:227:Infinity":76,"s:228:6:239:Infinity":77,"f:228:30:228:Infinity":14,"s:229:8:237:Infinity":78,"s:238:8:238:Infinity":79,"s:242:28:242:Infinity":80,"s:243:6:254:Infinity":81,"f:243:28:243:Infinity":15,"s:244:8:252:Infinity":82,"s:253:8:253:Infinity":83,"s:257:4:263:Infinity":84,"s:266:2:266:Infinity":85,"s:274:48:286:Infinity":86,"f:288:16:288:Infinity":16,"s:294:25:294:85":87,"b:294:25:294:52:294:56:294:85":15,"s:297:27:299:Infinity":88,"b:297:54:297:Infinity:298:27:299:Infinity":16,"b:298:54:298:Infinity:299:27:299:Infinity":17,"b:299:55:299:61:299:61:299:Infinity":18,"s:302:22:303:Infinity":89,"s:307:21:307:Infinity":90,"s:310:22:310:Infinity":91,"s:311:27:311:55":92,"s:314:21:314:Infinity":93,"s:315:26:319:Infinity":94,"b:315:45:315:Infinity:316:26:319:Infinity":19,"b:316:45:316:Infinity:317:26:319:Infinity":20,"b:317:45:317:Infinity:318:26:319:Infinity":21,"b:318:45:318:Infinity:319:26:319:Infinity":22,"b:319:45:319:57:319:57:319:Infinity":23,"s:321:2:327:Infinity":95,"f:334:16:334:Infinity":17,"s:337:20:340:Infinity":96,"f:338:12:338:17":18,"s:338:17:338:Infinity":97,"b:338:17:338:37:338:37:338:Infinity":24,"f:340:9:340:14":19,"s:340:14:340:69":98,"s:342:21:345:Infinity":99,"f:343:12:343:17":20,"s:343:17:343:Infinity":100,"f:345:9:345:14":21,"s:345:14:345:69":101,"s:347:24:350:Infinity":102,"f:348:12:348:17":22,"s:348:17:348:Infinity":103,"b:348:17:348:37:348:37:348:Infinity":25,"f:350:9:350:14":23,"s:350:14:350:75":104,"s:352:18:355:Infinity":105,"f:353:12:353:17":24,"s:353:17:353:Infinity":106,"f:355:9:355:14":25,"s:355:14:355:69":107,"s:357:2:362:Infinity":108,"b:358:38:358:50:358:50:358:Infinity":26,"b:359:40:359:53:359:53:359:Infinity":27,"b:360:46:360:62:360:62:360:Infinity":28,"b:361:34:361:44:361:44:361:Infinity":29,"f:369:16:369:Infinity":26,"b:375:2:377:Infinity:undefined:undefined:undefined:undefined":30,"s:375:2:377:Infinity":109,"s:376:4:376:Infinity":110,"b:378:2:380:Infinity:undefined:undefined:undefined:undefined":31,"s:378:2:380:Infinity":111,"b:378:6:378:27:378:27:378:49":32,"s:379:4:379:Infinity":112,"b:381:2:383:Infinity:undefined:undefined:undefined:undefined":33,"s:381:2:383:Infinity":113,"s:382:4:382:Infinity":114,"b:386:2:388:Infinity:undefined:undefined:undefined:undefined":34,"s:386:2:388:Infinity":115,"s:387:4:387:Infinity":116,"b:389:2:391:Infinity:undefined:undefined:undefined:undefined":35,"s:389:2:391:Infinity":117,"s:390:4:390:Infinity":118,"b:394:2:396:Infinity:undefined:undefined:undefined:undefined":36,"s:394:2:396:Infinity":119,"b:394:6:394:26:394:26:394:47":37,"s:395:4:395:Infinity":120,"s:399:2:399:Infinity":121,"s:411:24:411:Infinity":122,"s:412:15:412:Infinity":123,"s:413:21:413:Infinity":124,"b:416:2:432:Infinity:422:7:432:Infinity":38,"s:416:2:432:Infinity":125,"b:416:6:416:37:416:37:416:56":39,"s:417:4:417:Infinity":126,"s:418:4:418:Infinity":127,"s:419:4:419:Infinity":128,"b:422:7:432:Infinity:428:7:432:Infinity":40,"s:422:7:432:Infinity":129,"s:423:4:423:Infinity":130,"s:424:4:424:Infinity":131,"s:425:4:425:Infinity":132,"b:428:7:432:Infinity:undefined:undefined:undefined:undefined":41,"s:428:7:432:Infinity":133,"b:428:11:428:31:428:31:428:60":42,"s:429:4:429:Infinity":134,"s:430:4:430:Infinity":135,"s:431:4:431:Infinity":136,"s:434:2:439:Infinity":137}}}
,"/workspaces/jeenie/src/lib/utils.ts": {"path":"/workspaces/jeenie/src/lib/utils.ts","statementMap":{"0":{"start":{"line":5,"column":2},"end":{"line":5,"column":null}}},"fnMap":{"0":{"name":"cn","decl":{"start":{"line":4,"column":16},"end":{"line":4,"column":19}},"loc":{"start":{"line":4,"column":42},"end":{"line":6,"column":null}},"line":4}},"branchMap":{},"s":{"0":166},"f":{"0":166},"b":{},"meta":{"lastBranch":0,"lastFunction":1,"lastStatement":1,"seen":{"f:4:16:4:19":0,"s:5:2:5:Infinity":0}}}
,"/workspaces/jeenie/src/lib/validation.ts": {"path":"/workspaces/jeenie/src/lib/validation.ts","statementMap":{"0":{"start":{"line":4,"column":28},"end":{"line":24,"column":null}},"1":{"start":{"line":21,"column":20},"end":{"line":21,"column":58}},"2":{"start":{"line":27,"column":27},"end":{"line":34,"column":null}}},"fnMap":{"0":{"name":"(anonymous_0)","decl":{"start":{"line":21,"column":10},"end":{"line":21,"column":11}},"loc":{"start":{"line":21,"column":20},"end":{"line":21,"column":58}},"line":21}},"branchMap":{},"s":{"0":1,"1":17,"2":1},"f":{"0":17},"b":{},"meta":{"lastBranch":0,"lastFunction":1,"lastStatement":3,"seen":{"s:4:28:24:Infinity":0,"f:21:10:21:11":0,"s:21:20:21:58":1,"s:27:27:34:Infinity":2}}}
,"/workspaces/jeenie/src/services/pointsService.ts": {"path":"/workspaces/jeenie/src/services/pointsService.ts","statementMap":{"0":{"start":{"line":17,"column":4},"end":{"line":17,"column":null}},"1":{"start":{"line":19,"column":17},"end":{"line":19,"column":null}},"2":{"start":{"line":20,"column":78},"end":{"line":20,"column":80}},"3":{"start":{"line":22,"column":4},"end":{"line":61,"column":null}},"4":{"start":{"line":24,"column":25},"end":{"line":24,"column":null}},"5":{"start":{"line":25,"column":6},"end":{"line":25,"column":null}},"6":{"start":{"line":26,"column":6},"end":{"line":30,"column":null}},"7":{"start":{"line":33,"column":26},"end":{"line":33,"column":null}},"8":{"start":{"line":34,"column":6},"end":{"line":41,"column":null}},"9":{"start":{"line":35,"column":8},"end":{"line":35,"column":null}},"10":{"start":{"line":36,"column":8},"end":{"line":40,"column":null}},"11":{"start":{"line":43,"column":6},"end":{"line":49,"column":null}},"12":{"start":{"line":44,"column":8},"end":{"line":48,"column":null}},"13":{"start":{"line":53,"column":6},"end":{"line":53,"column":null}},"14":{"start":{"line":54,"column":6},"end":{"line":58,"column":null}},"15":{"start":{"line":60,"column":6},"end":{"line":60,"column":null}},"16":{"start":{"line":63,"column":4},"end":{"line":63,"column":null}},"17":{"start":{"line":64,"column":4},"end":{"line":64,"column":null}},"18":{"start":{"line":66,"column":4},"end":{"line":66,"column":null}},"19":{"start":{"line":70,"column":23},"end":{"line":70,"column":null}},"20":{"start":{"line":71,"column":19},"end":{"line":71,"column":48}},"21":{"start":{"line":72,"column":4},"end":{"line":72,"column":null}},"22":{"start":{"line":81,"column":30},"end":{"line":85,"column":null}},"23":{"start":{"line":87,"column":4},"end":{"line":89,"column":null}},"24":{"start":{"line":88,"column":6},"end":{"line":88,"column":null}},"25":{"start":{"line":91,"column":26},"end":{"line":91,"column":null}},"26":{"start":{"line":92,"column":22},"end":{"line":92,"column":null}},"27":{"start":{"line":94,"column":4},"end":{"line":100,"column":null}},"28":{"start":{"line":102,"column":23},"end":{"line":107,"column":null}},"29":{"start":{"line":109,"column":4},"end":{"line":132,"column":null}},"30":{"start":{"line":110,"column":6},"end":{"line":131,"column":null}},"31":{"start":{"line":111,"column":26},"end":{"line":111,"column":40}},"32":{"start":{"line":112,"column":33},"end":{"line":114,"column":14}},"33":{"start":{"line":113,"column":49},"end":{"line":113,"column":null}},"34":{"start":{"line":115,"column":28},"end":{"line":115,"column":null}},"35":{"start":{"line":117,"column":8},"end":{"line":123,"column":null}},"36":{"start":{"line":118,"column":10},"end":{"line":118,"column":null}},"37":{"start":{"line":119,"column":10},"end":{"line":122,"column":null}},"38":{"start":{"line":125,"column":8},"end":{"line":130,"column":null}},"39":{"start":{"line":134,"column":4},"end":{"line":134,"column":null}},"40":{"start":{"line":138,"column":4},"end":{"line":141,"column":null}},"41":{"start":{"line":145,"column":4},"end":{"line":145,"column":null}},"42":{"start":{"line":147,"column":4},"end":{"line":174,"column":null}},"43":{"start":{"line":148,"column":32},"end":{"line":152,"column":null}},"44":{"start":{"line":154,"column":6},"end":{"line":154,"column":null}},"45":{"start":{"line":154,"column":20},"end":{"line":154,"column":null}},"46":{"start":{"line":156,"column":28},"end":{"line":156,"column":null}},"47":{"start":{"line":157,"column":23},"end":{"line":157,"column":null}},"48":{"start":{"line":158,"column":20},"end":{"line":158,"column":null}},"49":{"start":{"line":160,"column":6},"end":{"line":167,"column":null}},"50":{"start":{"line":169,"column":6},"end":{"line":169,"column":null}},"51":{"start":{"line":170,"column":6},"end":{"line":170,"column":null}},"52":{"start":{"line":172,"column":6},"end":{"line":172,"column":null}},"53":{"start":{"line":173,"column":6},"end":{"line":173,"column":null}},"54":{"start":{"line":184,"column":19},"end":{"line":191,"column":null}},"55":{"start":{"line":193,"column":4},"end":{"line":211,"column":null}},"56":{"start":{"line":194,"column":6},"end":{"line":210,"column":null}},"57":{"start":{"line":195,"column":25},"end":{"line":197,"column":null}},"58":{"start":{"line":199,"column":29},"end":{"line":201,"column":null}},"59":{"start":{"line":203,"column":8},"end":{"line":209,"column":null}},"60":{"start":{"line":213,"column":4},"end":{"line":219,"column":null}},"61":{"start":{"line":223,"column":30},"end":{"line":227,"column":null}},"62":{"start":{"line":229,"column":4},"end":{"line":239,"column":null}},"63":{"start":{"line":230,"column":6},"end":{"line":238,"column":null}},"64":{"start":{"line":241,"column":4},"end":{"line":249,"column":null}},"65":{"start":{"line":253,"column":21},"end":{"line":257,"column":null}},"66":{"start":{"line":259,"column":4},"end":{"line":266,"column":null}},"67":{"start":{"line":259,"column":60},"end":{"line":266,"column":null}},"68":{"start":{"line":270,"column":31},"end":{"line":273,"column":null}},"69":{"start":{"line":275,"column":4},"end":{"line":275,"column":null}},"70":{"start":{"line":275,"column":19},"end":{"line":275,"column":null}},"71":{"start":{"line":277,"column":17},"end":{"line":277,"column":null}},"72":{"start":{"line":277,"column":41},"end":{"line":277,"column":60}},"73":{"start":{"line":278,"column":4},"end":{"line":278,"column":null}},"74":{"start":{"line":286,"column":4},"end":{"line":323,"column":null}},"75":{"start":{"line":288,"column":51},"end":{"line":292,"column":null}},"76":{"start":{"line":294,"column":6},"end":{"line":297,"column":null}},"77":{"start":{"line":295,"column":8},"end":{"line":295,"column":null}},"78":{"start":{"line":296,"column":8},"end":{"line":296,"column":null}},"79":{"start":{"line":299,"column":29},"end":{"line":299,"column":null}},"80":{"start":{"line":300,"column":29},"end":{"line":300,"column":48}},"81":{"start":{"line":301,"column":23},"end":{"line":301,"column":null}},"82":{"start":{"line":304,"column":26},"end":{"line":304,"column":null}},"83":{"start":{"line":305,"column":37},"end":{"line":311,"column":null}},"84":{"start":{"line":313,"column":6},"end":{"line":316,"column":null}},"85":{"start":{"line":314,"column":8},"end":{"line":314,"column":null}},"86":{"start":{"line":315,"column":8},"end":{"line":315,"column":null}},"87":{"start":{"line":318,"column":6},"end":{"line":318,"column":null}},"88":{"start":{"line":319,"column":6},"end":{"line":319,"column":null}},"89":{"start":{"line":321,"column":6},"end":{"line":321,"column":null}},"90":{"start":{"line":322,"column":6},"end":{"line":322,"column":null}}},"fnMap":{"0":{"name":"(anonymous_0)","decl":{"start":{"line":8,"column":15},"end":{"line":8,"column":null}},"loc":{"start":{"line":16,"column":5},"end":{"line":67,"column":null}},"line":16},"1":{"name":"(anonymous_1)","decl":{"start":{"line":69,"column":17},"end":{"line":69,"column":31}},"loc":{"start":{"line":69,"column":59},"end":{"line":73,"column":null}},"line":69},"2":{"name":"(anonymous_2)","decl":{"start":{"line":75,"column":23},"end":{"line":75,"column":44}},"loc":{"start":{"line":80,"column":5},"end":{"line":135,"column":null}},"line":80},"3":{"name":"(anonymous_3)","decl":{"start":{"line":113,"column":29},"end":{"line":113,"column":30}},"loc":{"start":{"line":113,"column":49},"end":{"line":113,"column":null}},"line":113},"4":{"name":"(anonymous_4)","decl":{"start":{"line":137,"column":23},"end":{"line":137,"column":41}},"loc":{"start":{"line":137,"column":57},"end":{"line":142,"column":null}},"line":137},"5":{"name":"(anonymous_5)","decl":{"start":{"line":144,"column":23},"end":{"line":144,"column":40}},"loc":{"start":{"line":144,"column":95},"end":{"line":175,"column":null}},"line":144},"6":{"name":"(anonymous_6)","decl":{"start":{"line":177,"column":17},"end":{"line":177,"column":32}},"loc":{"start":{"line":183,"column":4},"end":{"line":220,"column":null}},"line":183},"7":{"name":"(anonymous_7)","decl":{"start":{"line":222,"column":15},"end":{"line":222,"column":29}},"loc":{"start":{"line":222,"column":45},"end":{"line":250,"column":null}},"line":222},"8":{"name":"(anonymous_8)","decl":{"start":{"line":252,"column":15},"end":{"line":252,"column":30}},"loc":{"start":{"line":252,"column":51},"end":{"line":267,"column":null}},"line":252},"9":{"name":"(anonymous_9)","decl":{"start":{"line":259,"column":28},"end":{"line":259,"column":29}},"loc":{"start":{"line":259,"column":60},"end":{"line":266,"column":null}},"line":259},"10":{"name":"(anonymous_10)","decl":{"start":{"line":269,"column":15},"end":{"line":269,"column":27}},"loc":{"start":{"line":269,"column":60},"end":{"line":279,"column":null}},"line":269},"11":{"name":"(anonymous_11)","decl":{"start":{"line":277,"column":36},"end":{"line":277,"column":41}},"loc":{"start":{"line":277,"column":41},"end":{"line":277,"column":60}},"line":277},"12":{"name":"(anonymous_12)","decl":{"start":{"line":285,"column":15},"end":{"line":285,"column":39}},"loc":{"start":{"line":285,"column":93},"end":{"line":324,"column":null}},"line":285}},"branchMap":{"0":{"loc":{"start":{"line":22,"column":4},"end":{"line":61,"column":null}},"type":"if","locations":[{"start":{"line":22,"column":4},"end":{"line":61,"column":null}},{"start":{"line":51,"column":11},"end":{"line":61,"column":null}}],"line":22},"1":{"loc":{"start":{"line":34,"column":6},"end":{"line":41,"column":null}},"type":"if","locations":[{"start":{"line":34,"column":6},"end":{"line":41,"column":null}},{"start":{},"end":{}}],"line":34},"2":{"loc":{"start":{"line":43,"column":6},"end":{"line":49,"column":null}},"type":"if","locations":[{"start":{"line":43,"column":6},"end":{"line":49,"column":null}},{"start":{},"end":{}}],"line":43},"3":{"loc":{"start":{"line":72,"column":11},"end":{"line":72,"column":null}},"type":"binary-expr","locations":[{"start":{"line":72,"column":11},"end":{"line":72,"column":33}},{"start":{"line":72,"column":33},"end":{"line":72,"column":null}}],"line":72},"4":{"loc":{"start":{"line":87,"column":4},"end":{"line":89,"column":null}},"type":"if","locations":[{"start":{"line":87,"column":4},"end":{"line":89,"column":null}},{"start":{},"end":{}}],"line":87},"5":{"loc":{"start":{"line":91,"column":26},"end":{"line":91,"column":null}},"type":"binary-expr","locations":[{"start":{"line":91,"column":26},"end":{"line":91,"column":48}},{"start":{"line":91,"column":52},"end":{"line":91,"column":null}}],"line":91},"6":{"loc":{"start":{"line":98,"column":44},"end":{"line":98,"column":null}},"type":"binary-expr","locations":[
[...]
":{"line":190,"column":10},"end":{"line":190,"column":null}},"loc":{"start":{"line":195,"column":10},"end":{"line":211,"column":null}},"line":195},"19":{"name":"(anonymous_19)","decl":{"start":{"line":213,"column":10},"end":{"line":213,"column":28}},"loc":{"start":{"line":213,"column":47},"end":{"line":219,"column":null}},"line":213},"20":{"name":"(anonymous_20)","decl":{"start":{"line":221,"column":10},"end":{"line":221,"column":31}},"loc":{"start":{"line":221,"column":31},"end":{"line":232,"column":null}},"line":221},"21":{"name":"(anonymous_21)","decl":{"start":{"line":224,"column":19},"end":{"line":224,"column":null}},"loc":{"start":{"line":224,"column":19},"end":{"line":228,"column":null}},"line":224},"22":{"name":"(anonymous_22)","decl":{"start":{"line":234,"column":10},"end":{"line":234,"column":31}},"loc":{"start":{"line":234,"column":31},"end":{"line":247,"column":null}},"line":234},"23":{"name":"(anonymous_23)","decl":{"start":{"line":237,"column":16},"end":{"line":237,"column":23}},"loc":{"start":{"line":237,"column":23},"end":{"line":237,"column":null}},"line":237},"24":{"name":"(anonymous_24)","decl":{"start":{"line":241,"column":43},"end":{"line":241,"column":null}},"loc":{"start":{"line":241,"column":43},"end":{"line":243,"column":null}},"line":241},"25":{"name":"(anonymous_25)","decl":{"start":{"line":249,"column":10},"end":{"line":249,"column":34}},"loc":{"start":{"line":249,"column":34},"end":{"line":267,"column":null}},"line":249},"26":{"name":"(anonymous_26)","decl":{"start":{"line":253,"column":16},"end":{"line":253,"column":23}},"loc":{"start":{"line":253,"column":23},"end":{"line":253,"column":null}},"line":253},"27":{"name":"(anonymous_27)","decl":{"start":{"line":256,"column":19},"end":{"line":256,"column":null}},"loc":{"start":{"line":256,"column":19},"end":{"line":263,"column":null}},"line":256},"28":{"name":"(anonymous_28)","decl":{"start":{"line":40,"column":2},"end":{"line":40,"column":14}},"loc":{"start":{"line":40,"column":49},"end":{"line":43,"column":null}},"line":40}},"branchMap":{"0":{"loc":{"start":{"line":51,"column":4},"end":{"line":57,"column":null}},"type":"if","locations":[{"start":{"line":51,"column":4},"end":{"line":57,"column":null}},{"start":{},"end":{}}],"line":51},"1":{"loc":{"start":{"line":52,"column":6},"end":{"line":55,"column":null}},"type":"if","locations":[{"start":{"line":52,"column":6},"end":{"line":55,"column":null}},{"start":{},"end":{}}],"line":52},"2":{"loc":{"start":{"line":61,"column":4},"end":{"line":65,"column":null}},"type":"if","locations":[{"start":{"line":61,"column":4},"end":{"line":65,"column":null}},{"start":{},"end":{}}],"line":61},"3":{"loc":{"start":{"line":61,"column":8},"end":{"line":61,"column":52}},"type":"binary-expr","locations":[{"start":{"line":61,"column":8},"end":{"line":61,"column":24}},{"start":{"line":61,"column":24},"end":{"line":61,"column":52}}],"line":61},"4":{"loc":{"start":{"line":76,"column":4},"end":{"line":76,"column":40}},"type":"default-arg","locations":[{"start":{"line":76,"column":18},"end":{"line":76,"column":40}}],"line":76},"5":{"loc":{"start":{"line":89,"column":4},"end":{"line":89,"column":40}},"type":"default-arg","locations":[{"start":{"line":89,"column":18},"end":{"line":89,"column":40}}],"line":89},"6":{"loc":{"start":{"line":93,"column":4},"end":{"line":98,"column":null}},"type":"if","locations":[{"start":{"line":93,"column":4},"end":{"line":98,"column":null}},{"start":{},"end":{}}],"line":93},"7":{"loc":{"start":{"line":95,"column":6},"end":{"line":97,"column":null}},"type":"if","locations":[{"start":{"line":95,"column":6},"end":{"line":97,"column":null}},{"start":{},"end":{}}],"line":95},"8":{"loc":{"start":{"line":125,"column":6},"end":{"line":127,"column":null}},"type":"if","locations":[{"start":{"line":125,"column":6},"end":{"line":127,"column":null}},{"start":{},"end":{}}],"line":125},"9":{"loc":{"start":{"line":137,"column":18},"end":{"line":137,"column":null}},"type":"cond-expr","locations":[{"start":{"line":137,"column":48},"end":{"line":137,"column":70}},{"start":{"line":137,"column":70},"end":{"line":137,"column":null}}],"line":137},"10":{"loc":{"start":{"line":141,"column":6},"end":{"line":143,"column":null}},"type":"if","locations":[{"start":{"line":141,"column":6},"end":{"line":143,"column":null}},{"start":{},"end":{}}],"line":141},"11":{"loc":{"start":{"line":183,"column":6},"end":{"line":183,"column":null}},"type":"if","locations":[{"start":{"line":183,"column":6},"end":{"line":183,"column":null}},{"start":{},"end":{}}],"line":183},"12":{"loc":{"start":{"line":225,"column":8},"end":{"line":227,"column":null}},"type":"if","locations":[{"start":{"line":225,"column":8},"end":{"line":227,"column":null}},{"start":{},"end":{}}],"line":225},"13":{"loc":{"start":{"line":259,"column":8},"end":{"line":262,"column":null}},"type":"if","locations":[{"start":{"line":259,"column":8},"end":{"line":262,"column":null}},{"start":{},"end":{}}],"line":259},"14":{"loc":{"start":{"line":259,"column":12},"end":{"line":259,"column":42}},"type":"binary-expr","locations":[{"start":{"line":259,"column":12},"end":{"line":259,"column":21}},{"start":{"line":259,"column":21},"end":{"line":259,"column":42}}],"line":259},"15":{"loc":{"start":{"line":40,"column":14},"end":{"line":40,"column":47}},"type":"default-arg","locations":[{"start":{"line":40,"column":45},"end":{"line":40,"column":47}}],"line":40}},"s":{"0":1,"1":23,"2":23,"3":12,"4":11,"5":11,"6":1,"7":12,"8":12,"9":0,"10":0,"11":12,"12":21,"13":21,"14":25,"15":1,"16":1,"17":1,"18":25,"19":25,"20":8,"21":8,"22":8,"23":14,"24":1,"25":1,"26":3,"27":2,"28":1,"29":2,"30":2,"31":2,"32":2,"33":5,"34":4,"35":2,"36":4,"37":1,"38":1,"39":1,"40":1,"41":13,"42":36,"43":47,"44":36,"45":12,"46":12,"47":12,"48":11,"49":1,"50":0,"51":21,"52":21,"53":21,"54":0,"55":8,"56":8,"57":1,"58":1,"59":1,"60":3,"61":3,"62":0,"63":0,"64":0,"65":0,"66":0,"67":0,"68":17,"69":17,"70":0,"71":17,"72":0,"73":0,"74":0,"75":0,"76":0,"77":17,"78":17,"79":17,"80":17,"81":17,"82":1,"83":1,"84":1},"f":{"0":51,"1":23,"2":21,"3":25,"4":8,"5":14,"6":1,"7":3,"8":2,"9":2,"10":5,"11":4,"12":1,"13":1,"14":13,"15":36,"16":47,"17":12,"18":21,"19":8,"20":1,"21":3,"22":0,"23":0,"24":0,"25":17,"26":0,"27":0,"28":17},"b":{"0":[12,11],"1":[11,1],"2":[0,12],"3":[12,1],"4":[21],"5":[25],"6":[1,24],"7":[1,0],"8":[2,1],"9":[1,1],"10":[4,1],"11":[11,1],"12":[3,0],"13":[0,0],"14":[0,0],"15":[17]},"meta":{"lastBranch":16,"lastFunction":29,"lastStatement":85,"seen":{"f:12:1:12:Infinity":0,"s:28:36:33:Infinity":0,"f:48:2:48:9":1,"s:50:24:50:Infinity":1,"b:51:4:57:Infinity:undefined:undefined:undefined:undefined":0,"s:51:4:57:Infinity":2,"b:52:6:55:Infinity:undefined:undefined:undefined:undefined":1,"s:52:6:55:Infinity":3,"s:53:8:53:Infinity":4,"s:54:8:54:Infinity":5,"s:56:6:56:Infinity":6,"s:60:25:60:Infinity":7,"b:61:4:65:Infinity:undefined:undefined:undefined:undefined":2,"s:61:4:65:Infinity":8,"b:61:8:61:24:61:24:61:52":3,"s:63:6:63:Infinity":9,"s:64:6:64:Infinity":10,"s:67:4:67:Infinity":11,"f:73:2:73:Infinity":2,"b:76:18:76:40":4,"s:79:4:79:Infinity":12,"s:80:4:80:Infinity":13,"f:86:2:86:Infinity":3,"b:89:18:89:40":5,"b:93:4:98:Infinity:undefined:undefined:undefined:undefined":6,"s:93:4:98:Infinity":14,"s:94:24:94:Infinity":15,"b:95:6:97:Infinity:undefined:undefined:undefined:undefined":7,"s:95:6:97:Infinity":16,"s:96:8:96:Infinity":17,"s:100:4:105:Infinity":18,"s:106:4:106:Infinity":19,"f:112:2:112:9":4,"s:113:4:113:Infinity":20,"s:114:4:114:Infinity":21,"s:115:4:115:Infinity":22,"f:115:47:115:52":5,"s:115:52:115:Infinity":23,"f:121:2:121:18":6,"s:122:35:122:37":24,"s:124:4:128:Infinity":25,"f:124:29:124:30":7,"b:125:6:127:Infinity:undefined:undefined:undefined:undefined":8,"s:125:6:127:Infinity":26,"s:126:8:126:Infinity":27,"s:130:4:130:Infinity":28,"f:130:25:130:32":8,"s:130:32:130:Infinity":29,"f:136:2:136:22":9,"s:137:18:137:Infinity":30,"b:137:48:137:70:137:70:137:Infinity":9,"s:138:35:138:37":31,"s:140:4:144:Infinity":32,"f:140:29:140:30":10,"b:141:6:143:Infinity:undefined:undefined:undefined:undefined":10,"s:141:6:143:Infinity":33,"s:142:8:142:Infinity":34,"s:146:4:146:Infinity":35,"f:146:25:146:32":11,"s:146:32:146:Infinity":36,"f:152:2:152:16":12,"s:153:4:153:Infinity":37,"s:154:4:154:Infinity":38,"s:155:4:155:Infinity":39,"f:161:2:161:13":13,"s:162:4:166:Infinity":40,"f:171:10:171:21":14,"s:172:4:172:Infinity":41,"f:175:10:175:28":15,"s:176:4:176:Infinity":42,"f:176:47:176:52":16,"s:176:52:176:Infinity":43,"s:177:4:177:Infinity":44,"f:180:10:180:28":17,"s:181:4:187:Infinity":45,"s:182:21:182:Infinity":46,"b:183:6:183:Infinity:undefined:undefined:undefined:undefined":11,"s:183:6:183:Infinity":47,"s:183:19:183:Infinity":48,"s:184:6:184:Infinity":49,"s:186:6:186:Infinity":50,"f:190:10:190:Infinity":18,"s:196:4:210:Infinity":51,"s:197:35:202:Infinity":52,"s:203:6:205:Infinity":53,"s:209:6:209:Infinity":54,"f:213:10:213:28":19,"s:214:4:218:Infinity":55,"s:215:6:215:Infinity":56,"f:221:10:221:31":20,"s:222:4:231:Infinity":57,"s:223:19:223:Infinity":58,"s:224:6:228:Infinity":59,"f:224:19:224:Infinity":21,"b:225:8:227:Infinity:undefined:undefined:undefined:undefined":12,"s:225:8:227:Infinity":60,"s:226:10:226:Infinity":61,"f:234:10:234:31":22,"s:235:4:246:Infinity":62,"s:236:19:237:Infinity":63,"f:237:16:237:23":23,"s:237:23:237:Infinity":64,"s:240:28:240:Infinity":65,"s:241:6:243:Infinity":66,"f:241:43:241:Infinity":24,"s:242:8:242:Infinity":67,"f:249:10:249:34":25,"s:251:4:266:Infinity":68,"s:252:19:254:24":69,"f:253:16:253:23":26,"s:253:23:253:Infinity":70,"s:256:6:263:Infinity":71,"f:256:19:256:Infinity":27,"s:257:20:257:Infinity":72,"s:258:22:258:Infinity":73,"b:259:8:262:Infinity:undefined:undefined:undefined:undefined":13,"s:259:8:262:Infinity":74,"b:259:12:259:21:259:21:259:42":14,"s:260:10:260:Infinity":75,"s:261:10:261:Infinity":76,"f:40:2:40:14":28,"b:40:45:40:47":15,"s:36:2:36:Infinity":77,"s:37:2:37:Infinity":78,"s:38:2:38:10":79,"s:41:4:41:Infinity":80,"s:42:4:42:Infinity":81,"s:271:21:271:Infinity":82,"s:274:25:280:Infinity":83,"s:283:26:291:Infinity":84}}}
,"/workspaces/jeenie/src/services/api/modules/payments.ts": {"path":"/workspaces/jeenie/src/services/api/modules/payments.ts","statementMap":{"0":{"start":{"line":19,"column":54},"end":{"line":44,"column":null}},"1":{"start":{"line":46,"column":27},"end":{"line":266,"column":null}},"2":{"start":{"line":51,"column":4},"end":{"line":51,"column":null}},"3":{"start":{"line":61,"column":4},"end":{"line":77,"column":null}},"4":{"start":{"line":62,"column":21},"end":{"line":68,"column":null}},"5":{"start":{"line":71,"column":6},"end":{"line":71,"column":null}},"6":{"start":{"line":73,"column":6},"end":{"line":76,"column":null}},"7":{"start":{"line":86,"column":4},"end":{"line":114,"column":null}},"8":{"start":{"line":88,"column":22},"end":{"line":93,"column":null}},"9":{"start":{"line":94,"column":21},"end":{"line":100,"column":null}},"10":{"start":{"line":103,"column":6},"end":{"line":106,"column":null}},"11":{"start":{"line":105,"column":8},"end":{"line":105,"column":null}},"12":{"start":{"line":108,"column":6},"end":{"line":108,"column":null}},"13":{"start":{"line":110,"column":6},"end":{"line":113,"column":null}},"14":{"start":{"line":126,"column":21},"end":{"line":126,"column":45}},"15":{"start":{"line":127,"column":19},"end":{"line":132,"column":null}},"16":{"start":{"line":133,"column":4},"end":{"line":135,"column":null}},"17":{"start":{"line":134,"column":6},"end":{"line":134,"column":null}},"18":{"start":{"line":139,"column":4},"end":{"line":173,"column":null}},"19":{"start":{"line":140,"column":39},"end":{"line":144,"column":null}},"20":{"start":{"line":146,"column":6},"end":{"line":148,"column":null}},"21":{"start":{"line":147,"column":8},"end":{"line":147,"column":null}},"22":{"start":{"line":150,"column":41},"end":{"line":150,"column":null}},"23":{"start":{"line":151,"column":6},"end":{"line":156,"column":null}},"24":{"start":{"line":152,"column":24},"end":{"line":152,"column":null}},"25":{"start":{"line":153,"column":20},"end":{"line":153,"column":null}},"26":{"start":{"line":154,"column":8},"end":{"line":154,"column":null}},"27":{"start":{"line":155,"column":8},"end":{"line":155,"column":null}},"28":{"start":{"line":155,"column":31},"end":{"line":155,"column":null}},"29":{"start":{"line":158,"column":21},"end":{"line":163,"column":null}},"30":{"start":{"line":165,"column":6},"end":{"line":165,"column":null}},"31":{"start":{"line":167,"column":6},"end":{"line":167,"column":null}},"32":{"start":{"line":169,"column":6},"end":{"line":172,"column":null}},"33":{"start":{"line":180,"column":4},"end":{"line":203,"column":null}},"34":{"start":{"line":181,"column":24},"end":{"line":187,"column":null}},"35":{"start":{"line":189,"column":6},"end":{"line":191,"column":null}},"36":{"start":{"line":190,"column":8},"end":{"line":190,"column":null}},"37":{"start":{"line":194,"column":6},"end":{"line":194,"column":null}},"38":{"start":{"line":195,"column":6},"end":{"line":195,"column":null}},"39":{"start":{"line":197,"column":6},"end":{"line":197,"column":null}},"40":{"start":{"line":199,"column":6},"end":{"line":202,"column":null}},"41":{"start":{"line":214,"column":4},"end":{"line":231,"column":null}},"42":{"start":{"line":216,"column":21},"end":{"line":222,"column":null}},"43":{"start":{"line":225,"column":6},"end":{"line":225,"column":null}},"44":{"start":{"line":227,"column":6},"end":{"line":230,"column":null}},"45":{"start":{"line":243,"column":4},"end":{"line":264,"column":null}},"46":{"start":{"line":245,"column":21},"end":{"line":251,"column":null}},"47":{"start":{"line":254,"column":6},"end":{"line":256,"column":null}},"48":{"start":{"line":255,"column":8},"end":{"line":255,"column":null}},"49":{"start":{"line":258,"column":6},"end":{"line":258,"column":null}},"50":{"start":{"line":260,"column":6},"end":{"line":263,"column":null}}},"fnMap":{"0":{"name":"(anonymous_0)","decl":{"start":{"line":50,"column":2},"end":{"line":50,"column":null}},"loc":{"start":{"line":50,"column":2},"end":{"line":52,"column":null}},"line":50},"1":{"name":"(anonymous_1)","decl":{"start":{"line":57,"column":8},"end":{"line":57,"column":null}},"loc":{"start":{"line":59,"column":32},"end":{"line":78,"column":null}},"line":59},"2":{"name":"(anonymous_2)","decl":{"start":{"line":83,"column":8},"end":{"line":83,"column":null}},"loc":{"start":{"line":84,"column":37},"end":{"line":115,"column":null}},"line":84},"3":{"name":"(anonymous_3)","decl":{"start":{"line":120,"column":8},"end":{"line":120,"column":30}},"loc":{"start":{"line":120,"column":44},"end":{"line":174,"column":null}},"line":120},"4":{"name":"(anonymous_4)","decl":{"start":{"line":179,"column":8},"end":{"line":179,"column":27}},"loc":{"start":{"line":179,"column":41},"end":{"line":204,"column":null}},"line":179},"5":{"name":"(anonymous_5)","decl":{"start":{"line":209,"column":8},"end":{"line":209,"column":null}},"loc":{"start":{"line":212,"column":20},"end":{"line":232,"column":null}},"line":212},"6":{"name":"(anonymous_6)","decl":{"start":{"line":237,"column":8},"end":{"line":237,"column":null}},"loc":{"start":{"line":241,"column":19},"end":{"line":265,"column":null}},"line":241}},"branchMap":{"0":{"loc":{"start":{"line":103,"column":6},"end":{"line":106,"column":null}},"type":"if","locations":[{"start":{"line":103,"column":6},"end":{"line":106,"column":null}},{"start":{},"end":{}}],"line":103},"1":{"loc":{"start":{"line":133,"column":4},"end":{"line":135,"column":null}},"type":"if","locations":[{"start":{"line":133,"column":4},"end":{"line":135,"column":null}},{"start":{},"end":{}}],"line":133},"2":{"loc":{"start":{"line":146,"column":6},"end":{"line":148,"column":null}},"type":"if","locations":[{"start":{"line":146,"column":6},"end":{"line":148,"column":null}},{"start":{},"end":{}}],"line":146},"3":{"loc":{"start":{"line":146,"column":10},"end":{"line":146,"column":29}},"type":"binary-expr","locations":[{"start":{"line":146,"column":10},"end":{"line":146,"column":19}},{"start":{"line":146,"column":19},"end":{"line":146,"column":29}}],"line":146},"4":{"loc":{"start":{"line":147,"column":36},"end":{"line":147,"column":143}},"type":"cond-expr","locations":[{"start":{"line":147,"column":44},"end":{"line":147,"column":91}},{"start":{"line":147,"column":91},"end":{"line":147,"column":143}}],"line":147},"5":{"loc":{"start":{"line":151,"column":6},"end":{"line":156,"column":null}},"type":"if","locations":[{"start":{"line":151,"column":6},"end":{"line":156,"column":null}},{"start":{},"end":{}}],"line":151},"6":{"loc":{"start":{"line":155,"column":8},"end":{"line":155,"column":null}},"type":"if","locations":[{"start":{"line":155,"column":8},"end":{"line":155,"column":null}},{"start":{},"end":{}}],"line":155},"7":{"loc":{"start":{"line":159,"column":19},"end":{"line":159,"column":null}},"type":"binary-expr","locations":[{"start":{"line":159,"column":19},"end":{"line":159,"column":37}},{"start":{"line":159,"column":41},"end":{"line":159,"column":null}}],"line":159},"8":{"loc":{"start":{"line":189,"column":6},"end":{"line":191,"column":null}},"type":"if","locations":[{"start":{"line":189,"column":6},"end":{"line":191,"column":null}},{"start":{},"end":{}}],"line":189},"9":{"loc":{"start":{"line":254,"column":6},"end":{"line":256,"column":null}},"type":"if","locations":[{"start":{"line":254,"column":6},"end":{"line":256,"column":null}},{"start":{},"end":{}}],"line":254}},"s":{"0":1,"1":1,"2":4,"3":2,"4":2,"5":1,"6":1,"7":3,"8":3,"9":3,"10":2,"11":2,"12":2,"13":1,"14":4,"15":4,"16":4,"17":0,"18":4,"19":4,"20":4,"21":1,"22":3,"23":3,"24":2,"25":2,"26":2,"27":2,"28":1,"29":3,"30":4,"31":4,"32":0,"33":2,"34":2,"35":2,"36":1,"37":1,"38":1,"39":1,"40":0,"41":2,"42":2,"43":1,"44":1,"45":2,"46":2,"47":2,"48":2,"49":2,"50":0},"f":{"0":4,"1":2,"2":3,"3":4,"4":2,"5":2,"6":2},"b":{"0":[2,0],"1":[0,4],"2":[1,3],"3":[4,3],"4":[1,0],"5":[2,1],"6":[1,1],"7":[3,1],"8":[1,1],"9":[2,0]},"meta":{"lastBranch":10,"lastFunction":7,"lastStatement":51,"seen":{"s:19:54:44:Infinity":0,"s:46:27:266:Infinity":1,"f:50:2:50:Infinity":0,"s:51:4:51:Infinity":2,"f:57:8:57:Infinity":1,"s:61:4:77:Infinity":3,"s:62:21:68:Infinity":4,"s:71:6:71:Infinity":5,"s:73:6:76:Infinity":6,"f:83:8:83:Infinity":2,"s:86:4:114:Infinity":7,"s:88:22:93:Infinity":8,"s:94:21:100:Infinity":9,"b:103:6:106:Infinity:undefined:undefined:undefined:undefined":0,"s:103:6:106:Infinity":10,"s:105:8:105:Infinity":11,"s:108:6:108:Infinity":12,"s:110:6:113:Infinity":13,"f:120:8:120:30":3,"s:126:21:126:45":14,"s:127:19:132:Infinity":15,"b:133:4:135:Infinity:undefined:undefined:undefined:undefined":1,"s:133:4:135:Infinity":16,"s:134:6:134:Infinity":17,"s:139:4:173:Infinity":18,"s:140:39:144:Infinity":19,"b:146:6:148:Infinity:undefined:undefined:undefined:undefined":2,"s:146:6:148:Infinity":20,"b:146:10:146:19:146:19:146:29":3,"s:147:8:147:Infinity":21,"b:147:44:147:91:147:91:147:143":4,"s:150:41:150:Infinity":22,"b:151:6:156:Infinity:undefined:undefined:undefined:undefined":5,"s:151:6:156:Infinity":23,"s:152:24:152:Infinity":24,"s:153:20:153:Infinity":25,"s:154:8:154:Infinity":26,"b:155:8:155:Infinity:undefined:undefined:undefined:undefined":6,"s:155:8:155:Infinity":27,"s:155:31:155:Infinity":28,"s:158:21:163:Infinity":29,"b:159:19:159:37:159:41:159:Infinity":7,"s:165:6:165:Infinity":30,"s:167:6:167:Infinity":31,"s:169:6:172:Infinity":32,"f:179:8:179:27":4,"s:180:4:203:Infinity":33,"s:181:24:187:Infinity":34,"b:189:6:191:Infinity:undefined:undefined:undefined:undefined":8,"s:189:6:191:Infinity":35,"s:190:8:190:Infinity":36,"s:194:6:194:Infinity":37,"s:195:6:195:Infinity":38,"s:197:6:197:Infinity":39,"s:199:6:202:Infinity":40,"f:209:8:209:Infinity":5,"s:214:4:231:Infinity":41,"s:216:21:222:Infinity":42,"s:225:6:225:Infinity":43,"s:227:6:230:Infinity":44,"f:237:8:237:Infinity":6,"s:243:4:264:Infinity":45,"s:245:21:251:Infinity":46,"b:254:6:256:Infinity:undefined:undefined:undefined:undefined":9,"s:254:6:256:Infinity":47,"s:255:8:255:Infinity":48,"s:258:6:258:Infinity":49,"s:260:6:263:Infinity":50}}}
}
